#
# There is insufficient memory for the Java Runtime Environment to continue.
# Native memory allocation (malloc) failed to allocate 1050096 bytes. Error detail: Chunk::new
# Possible reasons:
#   The system is out of physical RAM or swap space
#   This process is running with CompressedOops enabled, and the Java Heap may be blocking the growth of the native heap
# Possible solutions:
#   Reduce memory load on the system
#   Increase physical memory or swap space
#   Check if swap backing store is full
#   Decrease Java heap size (-Xmx/-Xms)
#   Decrease number of Java threads
#   Decrease Java thread stack sizes (-Xss)
#   Set larger code cache with -XX:ReservedCodeCacheSize=
#   JVM is running with Unscaled Compressed Oops mode in which the Java heap is
#     placed in the first 4GB address space. The Java Heap base address is the
#     maximum limit for the native heap growth. Please use -XX:HeapBaseMinAddress
#     to set the Java Heap base and to place the Java Heap above 4GB virtual address.
# This output file may be truncated or incomplete.
#
#  Out of Memory Error (arena.cpp:168), pid=27844, tid=14328
#
# JRE version: OpenJDK Runtime Environment Temurin-21.0.10+7 (21.0.10+7) (build 21.0.10+7-LTS)
# Java VM: OpenJDK 64-Bit Server VM Temurin-21.0.10+7 (21.0.10+7-LTS, mixed mode, sharing, tiered, compressed oops, compressed class ptrs, g1 gc, windows-amd64)
# No core dump will be written. Minidumps are not enabled by default on client versions of Windows
#

---------------  S U M M A R Y ------------

Command Line: --add-opens=java.base/java.lang=ALL-UNNAMED --add-opens=java.base/java.lang.invoke=ALL-UNNAMED --add-opens=java.base/java.util=ALL-UNNAMED --add-opens=java.prefs/java.util.prefs=ALL-UNNAMED --add-exports=jdk.compiler/com.sun.tools.javac.api=ALL-UNNAMED --add-exports=jdk.compiler/com.sun.tools.javac.util=ALL-UNNAMED --add-opens=java.base/java.util=ALL-UNNAMED --add-opens=java.prefs/java.util.prefs=ALL-UNNAMED --add-opens=java.base/java.nio.charset=ALL-UNNAMED --add-opens=java.base/java.net=ALL-UNNAMED --add-opens=java.base/java.util.concurrent.atomic=ALL-UNNAMED --add-opens=java.xml/javax.xml.namespace=ALL-UNNAMED -Xmx2048m -Dfile.encoding=UTF-8 -Duser.country=US -Duser.language=en -Duser.variant -javaagent:C:\Users\user\.gradle\wrapper\dists\gradle-8.13-bin\5xuhj0ry160q40clulazy9h7d\gradle-8.13\lib\agents\gradle-instrumentation-agent-8.13.jar org.gradle.launcher.daemon.bootstrap.GradleDaemon 8.13

Host: AMD Ryzen 7 6800H with Radeon Graphics         , 16 cores, 15G,  Windows 11 , 64 bit Build 26100 (10.0.26100.7705)
Time: Sat Feb 28 19:23:37 2026 Nepal Standard Time elapsed time: 15.409077 seconds (0d 0h 0m 15s)

---------------  T H R E A D  ---------------

Current thread (0x000001bda84eaa40):  JavaThread "C2 CompilerThread2" daemon [_thread_in_native, id=14328, stack(0x00000033d0400000,0x00000033d0500000) (1024K)]


Current CompileTask:
C2:15409 3214       4       java.lang.invoke.MethodType::methodType (69 bytes)

Stack: [0x00000033d0400000,0x00000033d0500000]
Native frames: (J=compiled Java code, j=interpreted, Vv=VM code, C=native code)
V  [jvm.dll+0x6d7a39]
V  [jvm.dll+0x8b4b26]
V  [jvm.dll+0x8b70de]
V  [jvm.dll+0x8b77c3]
V  [jvm.dll+0x284346]
V  [jvm.dll+0xc66ed]
V  [jvm.dll+0xc6c31]
V  [jvm.dll+0x2fb29e]
V  [jvm.dll+0x5fe884]
V  [jvm.dll+0x255b17]
V  [jvm.dll+0x24e21f]
V  [jvm.dll+0x24ba42]
V  [jvm.dll+0x1cb34e]
V  [jvm.dll+0x25b85d]
V  [jvm.dll+0x259dea]
V  [jvm.dll+0x3f857e]
V  [jvm.dll+0x85f59d]
V  [jvm.dll+0x6d626d]
C  [ucrtbase.dll+0x37b0]
C  [KERNEL32.DLL+0x2e8d7]
C  [ntdll.dll+0x8c40c]


---------------  P R O C E S S  ---------------

Threads class SMR info:
_java_thread_list=0x000001bdf0734c90, length=28, elements={
0x000001bd901dc5d0, 0x000001bda84bf0a0, 0x000001bda84c0a20, 0x000001bda84c6b60,
0x000001bda84c75c0, 0x000001bda84c9950, 0x000001bda84d5330, 0x000001bda84e6f60,
0x000001bda84ea370, 0x000001bda84d7400, 0x000001bda84d4610, 0x000001bda84d6050,
0x000001bda84d66e0, 0x000001bda84d4ca0, 0x000001bda84d3f80, 0x000001bdef73b040,
0x000001bdef73a320, 0x000001bdef73bd60, 0x000001bdef739600, 0x000001bdef73b6d0,
0x000001bdef73a9b0, 0x000001bda84eb110, 0x000001bda84e9ca0, 0x000001bdef73c3f0,
0x000001bdef738f70, 0x000001bdef739c90, 0x000001bda84e95d0, 0x000001bda84eaa40
}

Java Threads: ( => current thread )
  0x000001bd901dc5d0 JavaThread "main"                              [_thread_blocked, id=10832, stack(0x00000033cda00000,0x00000033cdb00000) (1024K)]
  0x000001bda84bf0a0 JavaThread "Reference Handler"          daemon [_thread_blocked, id=18440, stack(0x00000033ce200000,0x00000033ce300000) (1024K)]
  0x000001bda84c0a20 JavaThread "Finalizer"                  daemon [_thread_blocked, id=29804, stack(0x00000033ce300000,0x00000033ce400000) (1024K)]
  0x000001bda84c6b60 JavaThread "Signal Dispatcher"          daemon [_thread_blocked, id=30188, stack(0x00000033ce400000,0x00000033ce500000) (1024K)]
  0x000001bda84c75c0 JavaThread "Attach Listener"            daemon [_thread_blocked, id=11132, stack(0x00000033ce500000,0x00000033ce600000) (1024K)]
  0x000001bda84c9950 JavaThread "Service Thread"             daemon [_thread_blocked, id=36764, stack(0x00000033ce600000,0x00000033ce700000) (1024K)]
  0x000001bda84d5330 JavaThread "Monitor Deflation Thread"   daemon [_thread_blocked, id=5360, stack(0x00000033ce700000,0x00000033ce800000) (1024K)]
  0x000001bda84e6f60 JavaThread "C2 CompilerThread0"         daemon [_thread_in_native, id=29944, stack(0x00000033ce800000,0x00000033ce900000) (1024K)]
  0x000001bda84ea370 JavaThread "C1 CompilerThread0"         daemon [_thread_blocked, id=18088, stack(0x00000033ce900000,0x00000033cea00000) (1024K)]
  0x000001bda84d7400 JavaThread "Common-Cleaner"             daemon [_thread_blocked, id=22224, stack(0x00000033ceb00000,0x00000033cec00000) (1024K)]
  0x000001bda84d4610 JavaThread "Notification Thread"        daemon [_thread_blocked, id=1844, stack(0x00000033cec00000,0x00000033ced00000) (1024K)]
  0x000001bda84d6050 JavaThread "Daemon health stats"               [_thread_blocked, id=22600, stack(0x00000033cf800000,0x00000033cf900000) (1024K)]
  0x000001bda84d66e0 JavaThread "Incoming local TCP Connector on port 56149"        [_thread_in_native, id=27980, stack(0x00000033ced00000,0x00000033cee00000) (1024K)]
  0x000001bda84d4ca0 JavaThread "Daemon periodic checks"            [_thread_blocked, id=33964, stack(0x00000033cf200000,0x00000033cf300000) (1024K)]
  0x000001bda84d3f80 JavaThread "Daemon"                            [_thread_blocked, id=32628, stack(0x00000033cf300000,0x00000033cf400000) (1024K)]
  0x000001bdef73b040 JavaThread "Handler for socket connection from /127.0.0.1:56149 to /127.0.0.1:56150"        [_thread_in_native, id=27656, stack(0x00000033cfa00000,0x00000033cfb00000) (1024K)]
  0x000001bdef73a320 JavaThread "Cancel handler"                    [_thread_blocked, id=29524, stack(0x00000033cfb00000,0x00000033cfc00000) (1024K)]
  0x000001bdef73bd60 JavaThread "Daemon worker"                     [_thread_in_vm, id=14956, stack(0x00000033cfc00000,0x00000033cfd00000) (1024K)]
  0x000001bdef739600 JavaThread "Asynchronous log dispatcher for DefaultDaemonConnection: socket connection from /127.0.0.1:56149 to /127.0.0.1:56150"        [_thread_blocked, id=19816, stack(0x00000033cfd00000,0x00000033cfe00000) (1024K)]
  0x000001bdef73b6d0 JavaThread "Stdin handler"                     [_thread_blocked, id=30072, stack(0x00000033cfe00000,0x00000033cff00000) (1024K)]
  0x000001bdef73a9b0 JavaThread "Daemon client event forwarder"        [_thread_blocked, id=25076, stack(0x00000033cff00000,0x00000033d0000000) (1024K)]
  0x000001bda84eb110 JavaThread "C1 CompilerThread1"         daemon [_thread_blocked, id=15628, stack(0x00000033cea00000,0x00000033ceb00000) (1024K)]
  0x000001bda84e9ca0 JavaThread "C1 CompilerThread2"         daemon [_thread_blocked, id=19048, stack(0x00000033cf900000,0x00000033cfa00000) (1024K)]
  0x000001bdef73c3f0 JavaThread "Cache worker for journal cache (C:\Users\user\.gradle\caches\journal-1)"        [_thread_blocked, id=12156, stack(0x00000033d0000000,0x00000033d0100000) (1024K)]
  0x000001bdef738f70 JavaThread "File lock request listener"        [_thread_in_native, id=10844, stack(0x00000033d0100000,0x00000033d0200000) (1024K)]
  0x000001bdef739c90 JavaThread "Cache worker for file hash cache (C:\Users\user\.gradle\caches\8.13\fileHashes)"        [_thread_blocked, id=24488, stack(0x00000033d0200000,0x00000033d0300000) (1024K)]
  0x000001bda84e95d0 JavaThread "C2 CompilerThread1"         daemon [_thread_in_native, id=24592, stack(0x00000033d0300000,0x00000033d0400000) (1024K)]
=>0x000001bda84eaa40 JavaThread "C2 CompilerThread2"         daemon [_thread_in_native, id=14328, stack(0x00000033d0400000,0x00000033d0500000) (1024K)]
Total: 28

Other Threads:
  0x000001bda84a0690 VMThread "VM Thread"                           [id=34908, stack(0x00000033ce100000,0x00000033ce200000) (1024K)]
  0x000001bda8490b40 WatcherThread "VM Periodic Task Thread"        [id=10664, stack(0x00000033ce000000,0x00000033ce100000) (1024K)]
  0x000001bd90237ac0 WorkerThread "GC Thread#0"                     [id=31996, stack(0x00000033cdb00000,0x00000033cdc00000) (1024K)]
  0x000001bdee149f40 WorkerThread "GC Thread#1"                     [id=24244, stack(0x00000033cee00000,0x00000033cef00000) (1024K)]
  0x000001bdee14a2f0 WorkerThread "GC Thread#2"                     [id=19684, stack(0x00000033cef00000,0x00000033cf000000) (1024K)]
  0x000001bdee1ffcc0 WorkerThread "GC Thread#3"                     [id=25120, stack(0x00000033cf000000,0x00000033cf100000) (1024K)]
  0x000001bdee14cd80 WorkerThread "GC Thread#4"                     [id=16932, stack(0x00000033cf100000,0x00000033cf200000) (1024K)]
  0x000001bdef7e3020 WorkerThread "GC Thread#5"                     [id=12000, stack(0x00000033cf400000,0x00000033cf500000) (1024K)]
  0x000001bdef7e33d0 WorkerThread "GC Thread#6"                     [id=19260, stack(0x00000033cf500000,0x00000033cf600000) (1024K)]
  0x000001bdef7e3780 WorkerThread "GC Thread#7"                     [id=29440, stack(0x00000033cf600000,0x00000033cf700000) (1024K)]
  0x000001bdef7e5160 WorkerThread "GC Thread#8"                     [id=26968, stack(0x00000033cf700000,0x00000033cf800000) (1024K)]
  0x000001bd90249840 ConcurrentGCThread "G1 Main Marker"            [id=27308, stack(0x00000033cdc00000,0x00000033cdd00000) (1024K)]
  0x000001bd9024aa00 WorkerThread "G1 Conc#0"                       [id=26672, stack(0x00000033cdd00000,0x00000033cde00000) (1024K)]
  0x000001bda83e4f40 ConcurrentGCThread "G1 Refine#0"               [id=2868, stack(0x00000033cde00000,0x00000033cdf00000) (1024K)]
  0x000001bda83e58d0 ConcurrentGCThread "G1 Service"                [id=24948, stack(0x00000033cdf00000,0x00000033ce000000) (1024K)]
Total: 15

Threads with active compile tasks:
C2 CompilerThread0  15453 3218   !   4       java.net.URLClassLoader::findClass (47 bytes)
C2 CompilerThread1  15453 3219       4       java.net.URLClassLoader$1::run (5 bytes)
C2 CompilerThread2  15453 3214       4       java.lang.invoke.MethodType::methodType (69 bytes)
Total: 3

VM state: not at safepoint (normal execution)

VM Mutex/Monitor currently owned by a thread: None

Heap address: 0x0000000080000000, size: 2048 MB, Compressed Oops mode: 32-bit

CDS archive(s) mapped at: [0x000001bda9000000-0x000001bda9ba0000-0x000001bda9ba0000), size 12189696, SharedBaseAddress: 0x000001bda9000000, ArchiveRelocationMode: 1.
Compressed class space mapped at: 0x000001bdaa000000-0x000001bdea000000, reserved size: 1073741824
Narrow klass base: 0x000001bda9000000, Narrow klass shift: 0, Narrow klass range: 0x100000000

GC Precious Log:
 CardTable entry size: 512
 Card Set container configuration: InlinePtr #cards 5 size 8 Array Of Cards #cards 12 size 40 Howl #buckets 4 coarsen threshold 1843 Howl Bitmap #cards 512 size 80 coarsen threshold 460 Card regions per heap region 1 cards per card region 2048
 CPUs: 16 total, 16 available
 Memory: 15613M
 Large Page Support: Disabled
 NUMA Support: Disabled
 Compressed Oops: Enabled (32-bit)
 Heap Region Size: 1M
 Heap Min Capacity: 8M
 Heap Initial Capacity: 244M
 Heap Max Capacity: 2G
 Pre-touch: Disabled
 Parallel Workers: 13
 Concurrent Workers: 3
 Concurrent Refinement Workers: 13
 Periodic GC: Disabled

Heap:
 garbage-first heap   total 249856K, used 99945K [0x0000000080000000, 0x0000000100000000)
  region size 1024K, 87 young (89088K), 6 survivors (6144K)
 Metaspace       used 20362K, committed 20992K, reserved 1114112K
  class space    used 2988K, committed 3264K, reserved 1048576K

Heap Regions: E=young(eden), S=young(survivor), O=old, HS=humongous(starts), HC=humongous(continues), CS=collection set, F=free, TAMS=top-at-mark-start, PB=parsable bottom
|   0|0x0000000080000000, 0x0000000080100000, 0x0000000080100000|100%|HS|  |TAMS 0x0000000080000000| PB 0x0000000080000000| Complete 
|   1|0x0000000080100000, 0x0000000080200000, 0x0000000080200000|100%|HC|  |TAMS 0x0000000080100000| PB 0x0000000080100000| Complete 
|   2|0x0000000080200000, 0x0000000080300000, 0x0000000080300000|100%|HC|  |TAMS 0x0000000080200000| PB 0x0000000080200000| Complete 
|   3|0x0000000080300000, 0x0000000080400000, 0x0000000080400000|100%| O|  |TAMS 0x0000000080300000| PB 0x0000000080300000| Untracked 
|   4|0x0000000080400000, 0x0000000080500000, 0x0000000080500000|100%| O|  |TAMS 0x0000000080400000| PB 0x0000000080400000| Untracked 
|   5|0x0000000080500000, 0x0000000080600000, 0x0000000080600000|100%| O|  |TAMS 0x0000000080500000| PB 0x0000000080500000| Untracked 
|   6|0x0000000080600000, 0x0000000080700000, 0x0000000080700000|100%|HS|  |TAMS 0x0000000080600000| PB 0x0000000080600000| Complete 
|   7|0x0000000080700000, 0x0000000080700000, 0x0000000080800000|  0%| F|  |TAMS 0x0000000080700000| PB 0x0000000080700000| Untracked 
|   8|0x0000000080800000, 0x0000000080900000, 0x0000000080900000|100%| O|  |TAMS 0x0000000080800000| PB 0x0000000080800000| Untracked 
|   9|0x0000000080900000, 0x0000000080a00000, 0x0000000080a00000|100%| O|  |TAMS 0x0000000080900000| PB 0x0000000080900000| Untracked 
|  10|0x0000000080a00000, 0x0000000080b00000, 0x0000000080b00000|100%| O|  |TAMS 0x0000000080a00000| PB 0x0000000080a00000| Untracked 
|  11|0x0000000080b00000, 0x0000000080c00000, 0x0000000080c00000|100%| O|  |TAMS 0x0000000080b00000| PB 0x0000000080b00000| Untracked 
|  12|0x0000000080c00000, 0x0000000080cd0988, 0x0000000080d00000| 81%| O|  |TAMS 0x0000000080c00000| PB 0x0000000080c00000| Untracked 
|  13|0x0000000080d00000, 0x0000000080d00000, 0x0000000080e00000|  0%| F|  |TAMS 0x0000000080d00000| PB 0x0000000080d00000| Untracked 
|  14|0x0000000080e00000, 0x0000000080e00000, 0x0000000080f00000|  0%| F|  |TAMS 0x0000000080e00000| PB 0x0000000080e00000| Untracked 
|  15|0x0000000080f00000, 0x0000000080f00000, 0x0000000081000000|  0%| F|  |TAMS 0x0000000080f00000| PB 0x0000000080f00000| Untracked 
|  16|0x0000000081000000, 0x0000000081000000, 0x0000000081100000|  0%| F|  |TAMS 0x0000000081000000| PB 0x0000000081000000| Untracked 
|  17|0x0000000081100000, 0x0000000081100000, 0x0000000081200000|  0%| F|  |TAMS 0x0000000081100000| PB 0x0000000081100000| Untracked 
|  18|0x0000000081200000, 0x0000000081200000, 0x0000000081300000|  0%| F|  |TAMS 0x0000000081200000| PB 0x0000000081200000| Untracked 
|  19|0x0000000081300000, 0x0000000081300000, 0x0000000081400000|  0%| F|  |TAMS 0x0000000081300000| PB 0x0000000081300000| Untracked 
|  20|0x0000000081400000, 0x0000000081400000, 0x0000000081500000|  0%| F|  |TAMS 0x0000000081400000| PB 0x0000000081400000| Untracked 
|  21|0x0000000081500000, 0x0000000081500000, 0x0000000081600000|  0%| F|  |TAMS 0x0000000081500000| PB 0x0000000081500000| Untracked 
|  22|0x0000000081600000, 0x0000000081600000, 0x0000000081700000|  0%| F|  |TAMS 0x0000000081600000| PB 0x0000000081600000| Untracked 
|  23|0x0000000081700000, 0x0000000081700000, 0x0000000081800000|  0%| F|  |TAMS 0x0000000081700000| PB 0x0000000081700000| Untracked 
|  24|0x0000000081800000, 0x0000000081800000, 0x0000000081900000|  0%| F|  |TAMS 0x0000000081800000| PB 0x0000000081800000| Untracked 
|  25|0x0000000081900000, 0x0000000081900000, 0x0000000081a00000|  0%| F|  |TAMS 0x0000000081900000| PB 0x0000000081900000| Untracked 
|  26|0x0000000081a00000, 0x0000000081a00000, 0x0000000081b00000|  0%| F|  |TAMS 0x0000000081a00000| PB 0x0000000081a00000| Untracked 
|  27|0x0000000081b00000, 0x0000000081b00000, 0x0000000081c00000|  0%| F|  |TAMS 0x0000000081b00000| PB 0x0000000081b00000| Untracked 
|  28|0x0000000081c00000, 0x0000000081c00000, 0x0000000081d00000|  0%| F|  |TAMS 0x0000000081c00000| PB 0x0000000081c00000| Untracked 
|  29|0x0000000081d00000, 0x0000000081d00000, 0x0000000081e00000|  0%| F|  |TAMS 0x0000000081d00000| PB 0x0000000081d00000| Untracked 
|  30|0x0000000081e00000, 0x0000000081e00000, 0x0000000081f00000|  0%| F|  |TAMS 0x0000000081e00000| PB 0x0000000081e00000| Untracked 
|  31|0x0000000081f00000, 0x0000000081f00000, 0x0000000082000000|  0%| F|  |TAMS 0x0000000081f00000| PB 0x0000000081f00000| Untracked 
|  32|0x0000000082000000, 0x0000000082000000, 0x0000000082100000|  0%| F|  |TAMS 0x0000000082000000| PB 0x0000000082000000| Untracked 
|  33|0x0000000082100000, 0x0000000082100000, 0x0000000082200000|  0%| F|  |TAMS 0x0000000082100000| PB 0x0000000082100000| Untracked 
|  34|0x0000000082200000, 0x0000000082200000, 0x0000000082300000|  0%| F|  |TAMS 0x0000000082200000| PB 0x0000000082200000| Untracked 
|  35|0x0000000082300000, 0x0000000082300000, 0x0000000082400000|  0%| F|  |TAMS 0x0000000082300000| PB 0x0000000082300000| Untracked 
|  36|0x0000000082400000, 0x0000000082400000, 0x0000000082500000|  0%| F|  |TAMS 0x0000000082400000| PB 0x0000000082400000| Untracked 
|  37|0x0000000082500000, 0x0000000082500000, 0x0000000082600000|  0%| F|  |TAMS 0x0000000082500000| PB 0x0000000082500000| Untracked 
|  38|0x0000000082600000, 0x0000000082600000, 0x0000000082700000|  0%| F|  |TAMS 0x0000000082600000| PB 0x0000000082600000| Untracked 
|  39|0x0000000082700000, 0x0000000082700000, 0x0000000082800000|  0%| F|  |TAMS 0x0000000082700000| PB 0x0000000082700000| Untracked 
|  40|0x0000000082800000, 0x0000000082800000, 0x0000000082900000|  0%| F|  |TAMS 0x0000000082800000| PB 0x0000000082800000| Untracked 
|  41|0x0000000082900000, 0x0000000082900000, 0x0000000082a00000|  0%| F|  |TAMS 0x0000000082900000| PB 0x0000000082900000| Untracked 
|  42|0x0000000082a00000, 0x0000000082a00000, 0x0000000082b00000|  0%| F|  |TAMS 0x0000000082a00000| PB 0x0000000082a00000| Untracked 
|  43|0x0000000082b00000, 0x0000000082b00000, 0x0000000082c00000|  0%| F|  |TAMS 0x0000000082b00000| PB 0x0000000082b00000| Untracked 
|  44|0x0000000082c00000, 0x0000000082c00000, 0x0000000082d00000|  0%| F|  |TAMS 0x0000000082c00000| PB 0x0000000082c00000| Untracked 
|  45|0x0000000082d00000, 0x0000000082d00000, 0x0000000082e00000|  0%| F|  |TAMS 0x0000000082d00000| PB 0x0000000082d00000| Untracked 
|  46|0x0000000082e00000, 0x0000000082e00000, 0x0000000082f00000|  0%| F|  |TAMS 0x0000000082e00000| PB 0x0000000082e00000| Untracked 
|  47|0x0000000082f00000, 0x0000000082f00000, 0x0000000083000000|  0%| F|  |TAMS 0x0000000082f00000| PB 0x0000000082f00000| Untracked 
|  48|0x0000000083000000, 0x0000000083000000, 0x0000000083100000|  0%| F|  |TAMS 0x0000000083000000| PB 0x0000000083000000| Untracked 
|  49|0x0000000083100000, 0x0000000083100000, 0x0000000083200000|  0%| F|  |TAMS 0x0000000083100000| PB 0x0000000083100000| Untracked 
|  50|0x0000000083200000, 0x0000000083200000, 0x0000000083300000|  0%| F|  |TAMS 0x0000000083200000| PB 0x0000000083200000| Untracked 
|  51|0x0000000083300000, 0x0000000083300000, 0x0000000083400000|  0%| F|  |TAMS 0x0000000083300000| PB 0x0000000083300000| Untracked 
|  52|0x0000000083400000, 0x0000000083400000, 0x0000000083500000|  0%| F|  |TAMS 0x0000000083400000| PB 0x0000000083400000| Untracked 
|  53|0x0000000083500000, 0x0000000083500000, 0x0000000083600000|  0%| F|  |TAMS 0x0000000083500000| PB 0x0000000083500000| Untracked 
|  54|0x0000000083600000, 0x0000000083600000, 0x0000000083700000|  0%| F|  |TAMS 0x0000000083600000| PB 0x0000000083600000| Untracked 
|  55|0x0000000083700000, 0x0000000083700000, 0x0000000083800000|  0%| F|  |TAMS 0x0000000083700000| PB 0x0000000083700000| Untracked 
|  56|0x0000000083800000, 0x0000000083800000, 0x0000000083900000|  0%| F|  |TAMS 0x0000000083800000| PB 0x0000000083800000| Untracked 
|  57|0x0000000083900000, 0x0000000083900000, 0x0000000083a00000|  0%| F|  |TAMS 0x0000000083900000| PB 0x0000000083900000| Untracked 
|  58|0x0000000083a00000, 0x0000000083a00000, 0x0000000083b00000|  0%| F|  |TAMS 0x0000000083a00000| PB 0x0000000083a00000| Untracked 
|  59|0x0000000083b00000, 0x0000000083b00000, 0x0000000083c00000|  0%| F|  |TAMS 0x0000000083b00000| PB 0x0000000083b00000| Untracked 
|  60|0x0000000083c00000, 0x0000000083c00000, 0x0000000083d00000|  0%| F|  |TAMS 0x0000000083c00000| PB 0x0000000083c00000| Untracked 
|  61|0x0000000083d00000, 0x0000000083d00000, 0x0000000083e00000|  0%| F|  |TAMS 0x0000000083d00000| PB 0x0000000083d00000| Untracked 
|  62|0x0000000083e00000, 0x0000000083e00000, 0x0000000083f00000|  0%| F|  |TAMS 0x0000000083e00000| PB 0x0000000083e00000| Untracked 
|  63|0x0000000083f00000, 0x0000000083f00000, 0x0000000084000000|  0%| F|  |TAMS 0x0000000083f00000| PB 0x0000000083f00000| Untracked 
|  64|0x0000000084000000, 0x0000000084000000, 0x0000000084100000|  0%| F|  |TAMS 0x0000000084000000| PB 0x0000000084000000| Untracked 
|  65|0x0000000084100000, 0x0000000084100000, 0x0000000084200000|  0%| F|  |TAMS 0x0000000084100000| PB 0x0000000084100000| Untracked 
|  66|0x0000000084200000, 0x0000000084200000, 0x0000000084300000|  0%| F|  |TAMS 0x0000000084200000| PB 0x0000000084200000| Untracked 
|  67|0x0000000084300000, 0x0000000084300000, 0x0000000084400000|  0%| F|  |TAMS 0x0000000084300000| PB 0x0000000084300000| Untracked 
|  68|0x0000000084400000, 0x0000000084400000, 0x0000000084500000|  0%| F|  |TAMS 0x0000000084400000| PB 0x0000000084400000| Untracked 
|  69|0x0000000084500000, 0x0000000084500000, 0x0000000084600000|  0%| F|  |TAMS 0x0000000084500000| PB 0x0000000084500000| Untracked 
|  70|0x0000000084600000, 0x0000000084600000, 0x0000000084700000|  0%| F|  |TAMS 0x0000000084600000| PB 0x0000000084600000| Untracked 
|  71|0x0000000084700000, 0x0000000084700000, 0x0000000084800000|  0%| F|  |TAMS 0x0000000084700000| PB 0x0000000084700000| Untracked 
|  72|0x0000000084800000, 0x0000000084800000, 0x0000000084900000|  0%| F|  |TAMS 0x0000000084800000| PB 0x0000000084800000| Untracked 
|  73|0x0000000084900000, 0x0000000084900000, 0x0000000084a00000|  0%| F|  |TAMS 0x0000000084900000| PB 0x0000000084900000| Untracked 
|  74|0x0000000084a00000, 0x0000000084a00000, 0x0000000084b00000|  0%| F|  |TAMS 0x0000000084a00000| PB 0x0000000084a00000| Untracked 
|  75|0x0000000084b00000, 0x0000000084b00000, 0x0000000084c00000|  0%| F|  |TAMS 0x0000000084b00000| PB 0x0000000084b00000| Untracked 
|  76|0x0000000084c00000, 0x0000000084c00000, 0x0000000084d00000|  0%| F|  |TAMS 0x0000000084c00000| PB 0x0000000084c00000| Untracked 
|  77|0x0000000084d00000, 0x0000000084d00000, 0x0000000084e00000|  0%| F|  |TAMS 0x0000000084d00000| PB 0x0000000084d00000| Untracked 
|  78|0x0000000084e00000, 0x0000000084e00000, 0x0000000084f00000|  0%| F|  |TAMS 0x0000000084e00000| PB 0x0000000084e00000| Untracked 
|  79|0x0000000084f00000, 0x0000000084f00000, 0x0000000085000000|  0%| F|  |TAMS 0x0000000084f00000| PB 0x0000000084f00000| Untracked 
|  80|0x0000000085000000, 0x0000000085000000, 0x0000000085100000|  0%| F|  |TAMS 0x0000000085000000| PB 0x0000000085000000| Untracked 
|  81|0x0000000085100000, 0x0000000085100000, 0x0000000085200000|  0%| F|  |TAMS 0x0000000085100000| PB 0x0000000085100000| Untracked 
|  82|0x0000000085200000, 0x0000000085200000, 0x0000000085300000|  0%| F|  |TAMS 0x0000000085200000| PB 0x0000000085200000| Untracked 
|  83|0x0000000085300000, 0x0000000085300000, 0x0000000085400000|  0%| F|  |TAMS 0x0000000085300000| PB 0x0000000085300000| Untracked 
|  84|0x0000000085400000, 0x0000000085400000, 0x0000000085500000|  0%| F|  |TAMS 0x0000000085400000| PB 0x0000000085400000| Untracked 
|  85|0x0000000085500000, 0x0000000085500000, 0x0000000085600000|  0%| F|  |TAMS 0x0000000085500000| PB 0x0000000085500000| Untracked 
|  86|0x0000000085600000, 0x0000000085600000, 0x0000000085700000|  0%| F|  |TAMS 0x0000000085600000| PB 0x0000000085600000| Untracked 
|  87|0x0000000085700000, 0x0000000085700000, 0x0000000085800000|  0%| F|  |TAMS 0x0000000085700000| PB 0x0000000085700000| Untracked 
|  88|0x0000000085800000, 0x0000000085800000, 0x0000000085900000|  0%| F|  |TAMS 0x0000000085800000| PB 0x0000000085800000| Untracked 
|  89|0x0000000085900000, 0x0000000085900000, 0x0000000085a00000|  0%| F|  |TAMS 0x0000000085900000| PB 0x0000000085900000| Untracked 
|  90|0x0000000085a00000, 0x0000000085a00000, 0x0000000085b00000|  0%| F|  |TAMS 0x0000000085a00000| PB 0x0000000085a00000| Untracked 
|  91|0x0000000085b00000, 0x0000000085b00000, 0x0000000085c00000|  0%| F|  |TAMS 0x0000000085b00000| PB 0x0000000085b00000| Untracked 
|  92|0x0000000085c00000, 0x0000000085c00000, 0x0000000085d00000|  0%| F|  |TAMS 0x0000000085c00000| PB 0x0000000085c00000| Untracked 
|  93|0x0000000085d00000, 0x0000000085d00000, 0x0000000085e00000|  0%| F|  |TAMS 0x0000000085d00000| PB 0x0000000085d00000| Untracked 
|  94|0x0000000085e00000, 0x0000000085e00000, 0x0000000085f00000|  0%| F|  |TAMS 0x0000000085e00000| PB 0x0000000085e00000| Untracked 
|  95|0x0000000085f00000, 0x0000000085f00000, 0x0000000086000000|  0%| F|  |TAMS 0x0000000085f00000| PB 0x0000000085f00000| Untracked 
|  96|0x0000000086000000, 0x0000000086000000, 0x0000000086100000|  0%| F|  |TAMS 0x0000000086000000| PB 0x0000000086000000| Untracked 
|  97|0x0000000086100000, 0x0000000086100000, 0x0000000086200000|  0%| F|  |TAMS 0x0000000086100000| PB 0x0000000086100000| Untracked 
|  98|0x0000000086200000, 0x0000000086200000, 0x0000000086300000|  0%| F|  |TAMS 0x0000000086200000| PB 0x0000000086200000| Untracked 
|  99|0x0000000086300000, 0x0000000086300000, 0x0000000086400000|  0%| F|  |TAMS 0x0000000086300000| PB 0x0000000086300000| Untracked 
| 100|0x0000000086400000, 0x0000000086400000, 0x0000000086500000|  0%| F|  |TAMS 0x0000000086400000| PB 0x0000000086400000| Untracked 
| 101|0x0000000086500000, 0x0000000086500000, 0x0000000086600000|  0%| F|  |TAMS 0x0000000086500000| PB 0x0000000086500000| Untracked 
| 102|0x0000000086600000, 0x0000000086600000, 0x0000000086700000|  0%| F|  |TAMS 0x0000000086600000| PB 0x0000000086600000| Untracked 
| 103|0x0000000086700000, 0x0000000086700000, 0x0000000086800000|  0%| F|  |TAMS 0x0000000086700000| PB 0x0000000086700000| Untracked 
| 104|0x0000000086800000, 0x0000000086800000, 0x0000000086900000|  0%| F|  |TAMS 0x0000000086800000| PB 0x0000000086800000| Untracked 
| 105|0x0000000086900000, 0x0000000086900000, 0x0000000086a00000|  0%| F|  |TAMS 0x0000000086900000| PB 0x0000000086900000| Untracked 
| 106|0x0000000086a00000, 0x0000000086a00000, 0x0000000086b00000|  0%| F|  |TAMS 0x0000000086a00000| PB 0x0000000086a00000| Untracked 
| 107|0x0000000086b00000, 0x0000000086b00000, 0x0000000086c00000|  0%| F|  |TAMS 0x0000000086b00000| PB 0x0000000086b00000| Untracked 
| 108|0x0000000086c00000, 0x0000000086c00000, 0x0000000086d00000|  0%| F|  |TAMS 0x0000000086c00000| PB 0x0000000086c00000| Untracked 
| 109|0x0000000086d00000, 0x0000000086d00000, 0x0000000086e00000|  0%| F|  |TAMS 0x0000000086d00000| PB 0x0000000086d00000| Untracked 
| 110|0x0000000086e00000, 0x0000000086e00000, 0x0000000086f00000|  0%| F|  |TAMS 0x0000000086e00000| PB 0x0000000086e00000| Untracked 
| 111|0x0000000086f00000, 0x0000000086f00000, 0x0000000087000000|  0%| F|  |TAMS 0x0000000086f00000| PB 0x0000000086f00000| Untracked 
| 112|0x0000000087000000, 0x0000000087000000, 0x0000000087100000|  0%| F|  |TAMS 0x0000000087000000| PB 0x0000000087000000| Untracked 
| 113|0x0000000087100000, 0x0000000087100000, 0x0000000087200000|  0%| F|  |TAMS 0x0000000087100000| PB 0x0000000087100000| Untracked 
| 114|0x0000000087200000, 0x0000000087200000, 0x0000000087300000|  0%| F|  |TAMS 0x0000000087200000| PB 0x0000000087200000| Untracked 
| 115|0x0000000087300000, 0x0000000087300000, 0x0000000087400000|  0%| F|  |TAMS 0x0000000087300000| PB 0x0000000087300000| Untracked 
| 116|0x0000000087400000, 0x0000000087400000, 0x0000000087500000|  0%| F|  |TAMS 0x0000000087400000| PB 0x0000000087400000| Untracked 
| 117|0x0000000087500000, 0x0000000087500000, 0x0000000087600000|  0%| F|  |TAMS 0x0000000087500000| PB 0x0000000087500000| Untracked 
| 118|0x0000000087600000, 0x0000000087600000, 0x0000000087700000|  0%| F|  |TAMS 0x0000000087600000| PB 0x0000000087600000| Untracked 
| 119|0x0000000087700000, 0x0000000087700000, 0x0000000087800000|  0%| F|  |TAMS 0x0000000087700000| PB 0x0000000087700000| Untracked 
| 120|0x0000000087800000, 0x0000000087800000, 0x0000000087900000|  0%| F|  |TAMS 0x0000000087800000| PB 0x0000000087800000| Untracked 
| 121|0x0000000087900000, 0x0000000087900000, 0x0000000087a00000|  0%| F|  |TAMS 0x0000000087900000| PB 0x0000000087900000| Untracked 
| 122|0x0000000087a00000, 0x0000000087a00000, 0x0000000087b00000|  0%| F|  |TAMS 0x0000000087a00000| PB 0x0000000087a00000| Untracked 
| 123|0x0000000087b00000, 0x0000000087b00000, 0x0000000087c00000|  0%| F|  |TAMS 0x0000000087b00000| PB 0x0000000087b00000| Untracked 
| 124|0x0000000087c00000, 0x0000000087c00000, 0x0000000087d00000|  0%| F|  |TAMS 0x0000000087c00000| PB 0x0000000087c00000| Untracked 
| 125|0x0000000087d00000, 0x0000000087d00000, 0x0000000087e00000|  0%| F|  |TAMS 0x0000000087d00000| PB 0x0000000087d00000| Untracked 
| 126|0x0000000087e00000, 0x0000000087e00000, 0x0000000087f00000|  0%| F|  |TAMS 0x0000000087e00000| PB 0x0000000087e00000| Untracked 
| 127|0x0000000087f00000, 0x0000000087f00000, 0x0000000088000000|  0%| F|  |TAMS 0x0000000087f00000| PB 0x0000000087f00000| Untracked 
| 128|0x0000000088000000, 0x0000000088000000, 0x0000000088100000|  0%| F|  |TAMS 0x0000000088000000| PB 0x0000000088000000| Untracked 
| 129|0x0000000088100000, 0x0000000088100000, 0x0000000088200000|  0%| F|  |TAMS 0x0000000088100000| PB 0x0000000088100000| Untracked 
| 130|0x0000000088200000, 0x0000000088200000, 0x0000000088300000|  0%| F|  |TAMS 0x0000000088200000| PB 0x0000000088200000| Untracked 
| 131|0x0000000088300000, 0x0000000088300000, 0x0000000088400000|  0%| F|  |TAMS 0x0000000088300000| PB 0x0000000088300000| Untracked 
| 132|0x0000000088400000, 0x0000000088400000, 0x0000000088500000|  0%| F|  |TAMS 0x0000000088400000| PB 0x0000000088400000| Untracked 
| 133|0x0000000088500000, 0x0000000088500000, 0x0000000088600000|  0%| F|  |TAMS 0x0000000088500000| PB 0x0000000088500000| Untracked 
| 134|0x0000000088600000, 0x0000000088600000, 0x0000000088700000|  0%| F|  |TAMS 0x0000000088600000| PB 0x0000000088600000| Untracked 
| 135|0x0000000088700000, 0x0000000088700000, 0x0000000088800000|  0%| F|  |TAMS 0x0000000088700000| PB 0x0000000088700000| Untracked 
| 136|0x0000000088800000, 0x0000000088800000, 0x0000000088900000|  0%| F|  |TAMS 0x0000000088800000| PB 0x0000000088800000| Untracked 
| 137|0x0000000088900000, 0x0000000088900000, 0x0000000088a00000|  0%| F|  |TAMS 0x0000000088900000| PB 0x0000000088900000| Untracked 
| 138|0x0000000088a00000, 0x0000000088a00000, 0x0000000088b00000|  0%| F|  |TAMS 0x0000000088a00000| PB 0x0000000088a00000| Untracked 
| 139|0x0000000088b00000, 0x0000000088b00000, 0x0000000088c00000|  0%| F|  |TAMS 0x0000000088b00000| PB 0x0000000088b00000| Untracked 
| 140|0x0000000088c00000, 0x0000000088c00000, 0x0000000088d00000|  0%| F|  |TAMS 0x0000000088c00000| PB 0x0000000088c00000| Untracked 
| 141|0x0000000088d00000, 0x0000000088d00000, 0x0000000088e00000|  0%| F|  |TAMS 0x0000000088d00000| PB 0x0000000088d00000| Untracked 
| 142|0x0000000088e00000, 0x0000000088e00000, 0x0000000088f00000|  0%| F|  |TAMS 0x0000000088e00000| PB 0x0000000088e00000| Untracked 
| 143|0x0000000088f00000, 0x0000000088f00000, 0x0000000089000000|  0%| F|  |TAMS 0x0000000088f00000| PB 0x0000000088f00000| Untracked 
| 144|0x0000000089000000, 0x0000000089000000, 0x0000000089100000|  0%| F|  |TAMS 0x0000000089000000| PB 0x0000000089000000| Untracked 
| 145|0x0000000089100000, 0x0000000089100000, 0x0000000089200000|  0%| F|  |TAMS 0x0000000089100000| PB 0x0000000089100000| Untracked 
| 146|0x0000000089200000, 0x0000000089200000, 0x0000000089300000|  0%| F|  |TAMS 0x0000000089200000| PB 0x0000000089200000| Untracked 
| 147|0x0000000089300000, 0x0000000089300000, 0x0000000089400000|  0%| F|  |TAMS 0x0000000089300000| PB 0x0000000089300000| Untracked 
| 148|0x0000000089400000, 0x0000000089400000, 0x0000000089500000|  0%| F|  |TAMS 0x0000000089400000| PB 0x0000000089400000| Untracked 
| 149|0x0000000089500000, 0x0000000089500000, 0x0000000089600000|  0%| F|  |TAMS 0x0000000089500000| PB 0x0000000089500000| Untracked 
| 150|0x0000000089600000, 0x0000000089600000, 0x0000000089700000|  0%| F|  |TAMS 0x0000000089600000| PB 0x0000000089600000| Untracked 
| 151|0x0000000089700000, 0x0000000089700000, 0x0000000089800000|  0%| F|  |TAMS 0x0000000089700000| PB 0x0000000089700000| Untracked 
| 152|0x0000000089800000, 0x0000000089800000, 0x0000000089900000|  0%| F|  |TAMS 0x0000000089800000| PB 0x0000000089800000| Untracked 
| 153|0x0000000089900000, 0x0000000089900000, 0x0000000089a00000|  0%| F|  |TAMS 0x0000000089900000| PB 0x0000000089900000| Untracked 
| 154|0x0000000089a00000, 0x0000000089a00000, 0x0000000089b00000|  0%| F|  |TAMS 0x0000000089a00000| PB 0x0000000089a00000| Untracked 
| 155|0x0000000089b00000, 0x0000000089b00000, 0x0000000089c00000|  0%| F|  |TAMS 0x0000000089b00000| PB 0x0000000089b00000| Untracked 
| 156|0x0000000089c00000, 0x0000000089c00000, 0x0000000089d00000|  0%| F|  |TAMS 0x0000000089c00000| PB 0x0000000089c00000| Untracked 
| 157|0x0000000089d00000, 0x0000000089d80000, 0x0000000089e00000| 50%| E|  |TAMS 0x0000000089d00000| PB 0x0000000089d00000| Complete 
| 158|0x0000000089e00000, 0x0000000089f00000, 0x0000000089f00000|100%| E|CS|TAMS 0x0000000089e00000| PB 0x0000000089e00000| Complete 
| 159|0x0000000089f00000, 0x000000008a000000, 0x000000008a000000|100%| E|CS|TAMS 0x0000000089f00000| PB 0x0000000089f00000| Complete 
| 160|0x000000008a000000, 0x000000008a100000, 0x000000008a100000|100%| E|CS|TAMS 0x000000008a000000| PB 0x000000008a000000| Complete 
| 161|0x000000008a100000, 0x000000008a200000, 0x000000008a200000|100%| E|CS|TAMS 0x000000008a100000| PB 0x000000008a100000| Complete 
| 162|0x000000008a200000, 0x000000008a300000, 0x000000008a300000|100%| E|CS|TAMS 0x000000008a200000| PB 0x000000008a200000| Complete 
| 163|0x000000008a300000, 0x000000008a400000, 0x000000008a400000|100%| E|CS|TAMS 0x000000008a300000| PB 0x000000008a300000| Complete 
| 164|0x000000008a400000, 0x000000008a500000, 0x000000008a500000|100%| E|CS|TAMS 0x000000008a400000| PB 0x000000008a400000| Complete 
| 165|0x000000008a500000, 0x000000008a600000, 0x000000008a600000|100%| E|CS|TAMS 0x000000008a500000| PB 0x000000008a500000| Complete 
| 166|0x000000008a600000, 0x000000008a700000, 0x000000008a700000|100%| E|CS|TAMS 0x000000008a600000| PB 0x000000008a600000| Complete 
| 167|0x000000008a700000, 0x000000008a800000, 0x000000008a800000|100%| E|CS|TAMS 0x000000008a700000| PB 0x000000008a700000| Complete 
| 168|0x000000008a800000, 0x000000008a900000, 0x000000008a900000|100%| E|CS|TAMS 0x000000008a800000| PB 0x000000008a800000| Complete 
| 169|0x000000008a900000, 0x000000008aa00000, 0x000000008aa00000|100%| E|CS|TAMS 0x000000008a900000| PB 0x000000008a900000| Complete 
| 170|0x000000008aa00000, 0x000000008ab00000, 0x000000008ab00000|100%| E|CS|TAMS 0x000000008aa00000| PB 0x000000008aa00000| Complete 
| 171|0x000000008ab00000, 0x000000008ac00000, 0x000000008ac00000|100%| E|CS|TAMS 0x000000008ab00000| PB 0x000000008ab00000| Complete 
| 172|0x000000008ac00000, 0x000000008ad00000, 0x000000008ad00000|100%| E|CS|TAMS 0x000000008ac00000| PB 0x000000008ac00000| Complete 
| 173|0x000000008ad00000, 0x000000008ae00000, 0x000000008ae00000|100%| E|CS|TAMS 0x000000008ad00000| PB 0x000000008ad00000| Complete 
| 174|0x000000008ae00000, 0x000000008af00000, 0x000000008af00000|100%| E|CS|TAMS 0x000000008ae00000| PB 0x000000008ae00000| Complete 
| 175|0x000000008af00000, 0x000000008b000000, 0x000000008b000000|100%| E|CS|TAMS 0x000000008af00000| PB 0x000000008af00000| Complete 
| 176|0x000000008b000000, 0x000000008b100000, 0x000000008b100000|100%| E|CS|TAMS 0x000000008b000000| PB 0x000000008b000000| Complete 
| 177|0x000000008b100000, 0x000000008b200000, 0x000000008b200000|100%| E|CS|TAMS 0x000000008b100000| PB 0x000000008b100000| Complete 
| 178|0x000000008b200000, 0x000000008b300000, 0x000000008b300000|100%| E|CS|TAMS 0x000000008b200000| PB 0x000000008b200000| Complete 
| 179|0x000000008b300000, 0x000000008b400000, 0x000000008b400000|100%| E|CS|TAMS 0x000000008b300000| PB 0x000000008b300000| Complete 
| 180|0x000000008b400000, 0x000000008b500000, 0x000000008b500000|100%| E|CS|TAMS 0x000000008b400000| PB 0x000000008b400000| Complete 
| 181|0x000000008b500000, 0x000000008b600000, 0x000000008b600000|100%| E|CS|TAMS 0x000000008b500000| PB 0x000000008b500000| Complete 
| 182|0x000000008b600000, 0x000000008b700000, 0x000000008b700000|100%| E|CS|TAMS 0x000000008b600000| PB 0x000000008b600000| Complete 
| 183|0x000000008b700000, 0x000000008b800000, 0x000000008b800000|100%| E|CS|TAMS 0x000000008b700000| PB 0x000000008b700000| Complete 
| 184|0x000000008b800000, 0x000000008b900000, 0x000000008b900000|100%| E|CS|TAMS 0x000000008b800000| PB 0x000000008b800000| Complete 
| 185|0x000000008b900000, 0x000000008b9c9e40, 0x000000008ba00000| 78%| S|CS|TAMS 0x000000008b900000| PB 0x000000008b900000| Complete 
| 186|0x000000008ba00000, 0x000000008bb00000, 0x000000008bb00000|100%| S|CS|TAMS 0x000000008ba00000| PB 0x000000008ba00000| Complete 
| 187|0x000000008bb00000, 0x000000008bc00000, 0x000000008bc00000|100%| S|CS|TAMS 0x000000008bb00000| PB 0x000000008bb00000| Complete 
| 188|0x000000008bc00000, 0x000000008bd00000, 0x000000008bd00000|100%| S|CS|TAMS 0x000000008bc00000| PB 0x000000008bc00000| Complete 
| 189|0x000000008bd00000, 0x000000008be00000, 0x000000008be00000|100%| S|CS|TAMS 0x000000008bd00000| PB 0x000000008bd00000| Complete 
| 190|0x000000008be00000, 0x000000008bf00000, 0x000000008bf00000|100%| S|CS|TAMS 0x000000008be00000| PB 0x000000008be00000| Complete 
| 191|0x000000008bf00000, 0x000000008c000000, 0x000000008c000000|100%| E|CS|TAMS 0x000000008bf00000| PB 0x000000008bf00000| Complete 
| 192|0x000000008c000000, 0x000000008c100000, 0x000000008c100000|100%| E|CS|TAMS 0x000000008c000000| PB 0x000000008c000000| Complete 
| 193|0x000000008c100000, 0x000000008c200000, 0x000000008c200000|100%| E|CS|TAMS 0x000000008c100000| PB 0x000000008c100000| Complete 
| 194|0x000000008c200000, 0x000000008c300000, 0x000000008c300000|100%| E|CS|TAMS 0x000000008c200000| PB 0x000000008c200000| Complete 
| 195|0x000000008c300000, 0x000000008c400000, 0x000000008c400000|100%| E|CS|TAMS 0x000000008c300000| PB 0x000000008c300000| Complete 
| 196|0x000000008c400000, 0x000000008c500000, 0x000000008c500000|100%| E|CS|TAMS 0x000000008c400000| PB 0x000000008c400000| Complete 
| 197|0x000000008c500000, 0x000000008c600000, 0x000000008c600000|100%| E|CS|TAMS 0x000000008c500000| PB 0x000000008c500000| Complete 
| 198|0x000000008c600000, 0x000000008c700000, 0x000000008c700000|100%| E|CS|TAMS 0x000000008c600000| PB 0x000000008c600000| Complete 
| 199|0x000000008c700000, 0x000000008c800000, 0x000000008c800000|100%| E|CS|TAMS 0x000000008c700000| PB 0x000000008c700000| Complete 
| 200|0x000000008c800000, 0x000000008c900000, 0x000000008c900000|100%| E|CS|TAMS 0x000000008c800000| PB 0x000000008c800000| Complete 
| 201|0x000000008c900000, 0x000000008ca00000, 0x000000008ca00000|100%| E|CS|TAMS 0x000000008c900000| PB 0x000000008c900000| Complete 
| 202|0x000000008ca00000, 0x000000008cb00000, 0x000000008cb00000|100%| E|CS|TAMS 0x000000008ca00000| PB 0x000000008ca00000| Complete 
| 203|0x000000008cb00000, 0x000000008cc00000, 0x000000008cc00000|100%| E|CS|TAMS 0x000000008cb00000| PB 0x000000008cb00000| Complete 
| 204|0x000000008cc00000, 0x000000008cd00000, 0x000000008cd00000|100%| E|CS|TAMS 0x000000008cc00000| PB 0x000000008cc00000| Complete 
| 205|0x000000008cd00000, 0x000000008ce00000, 0x000000008ce00000|100%| E|CS|TAMS 0x000000008cd00000| PB 0x000000008cd00000| Complete 
| 206|0x000000008ce00000, 0x000000008cf00000, 0x000000008cf00000|100%| E|CS|TAMS 0x000000008ce00000| PB 0x000000008ce00000| Complete 
| 207|0x000000008cf00000, 0x000000008d000000, 0x000000008d000000|100%| E|CS|TAMS 0x000000008cf00000| PB 0x000000008cf00000| Complete 
| 208|0x000000008d000000, 0x000000008d100000, 0x000000008d100000|100%| E|CS|TAMS 0x000000008d000000| PB 0x000000008d000000| Complete 
| 209|0x000000008d100000, 0x000000008d200000, 0x000000008d200000|100%| E|CS|TAMS 0x000000008d100000| PB 0x000000008d100000| Complete 
| 210|0x000000008d200000, 0x000000008d300000, 0x000000008d300000|100%| E|CS|TAMS 0x000000008d200000| PB 0x000000008d200000| Complete 
| 211|0x000000008d300000, 0x000000008d400000, 0x000000008d400000|100%| E|CS|TAMS 0x000000008d300000| PB 0x000000008d300000| Complete 
| 212|0x000000008d400000, 0x000000008d500000, 0x000000008d500000|100%| E|CS|TAMS 0x000000008d400000| PB 0x000000008d400000| Complete 
| 213|0x000000008d500000, 0x000000008d600000, 0x000000008d600000|100%| E|CS|TAMS 0x000000008d500000| PB 0x000000008d500000| Complete 
| 214|0x000000008d600000, 0x000000008d700000, 0x000000008d700000|100%| E|CS|TAMS 0x000000008d600000| PB 0x000000008d600000| Complete 
| 215|0x000000008d700000, 0x000000008d800000, 0x000000008d800000|100%| E|CS|TAMS 0x000000008d700000| PB 0x000000008d700000| Complete 
| 216|0x000000008d800000, 0x000000008d900000, 0x000000008d900000|100%| E|CS|TAMS 0x000000008d800000| PB 0x000000008d800000| Complete 
| 217|0x000000008d900000, 0x000000008da00000, 0x000000008da00000|100%| E|CS|TAMS 0x000000008d900000| PB 0x000000008d900000| Complete 
| 218|0x000000008da00000, 0x000000008db00000, 0x000000008db00000|100%| E|CS|TAMS 0x000000008da00000| PB 0x000000008da00000| Complete 
| 219|0x000000008db00000, 0x000000008dc00000, 0x000000008dc00000|100%| E|CS|TAMS 0x000000008db00000| PB 0x000000008db00000| Complete 
| 220|0x000000008dc00000, 0x000000008dd00000, 0x000000008dd00000|100%| E|CS|TAMS 0x000000008dc00000| PB 0x000000008dc00000| Complete 
| 221|0x000000008dd00000, 0x000000008de00000, 0x000000008de00000|100%| E|CS|TAMS 0x000000008dd00000| PB 0x000000008dd00000| Complete 
| 222|0x000000008de00000, 0x000000008df00000, 0x000000008df00000|100%| E|CS|TAMS 0x000000008de00000| PB 0x000000008de00000| Complete 
| 223|0x000000008df00000, 0x000000008e000000, 0x000000008e000000|100%| E|CS|TAMS 0x000000008df00000| PB 0x000000008df00000| Complete 
| 224|0x000000008e000000, 0x000000008e100000, 0x000000008e100000|100%| E|CS|TAMS 0x000000008e000000| PB 0x000000008e000000| Complete 
| 225|0x000000008e100000, 0x000000008e200000, 0x000000008e200000|100%| E|CS|TAMS 0x000000008e100000| PB 0x000000008e100000| Complete 
| 226|0x000000008e200000, 0x000000008e300000, 0x000000008e300000|100%| E|CS|TAMS 0x000000008e200000| PB 0x000000008e200000| Complete 
| 227|0x000000008e300000, 0x000000008e400000, 0x000000008e400000|100%| E|CS|TAMS 0x000000008e300000| PB 0x000000008e300000| Complete 
| 228|0x000000008e400000, 0x000000008e500000, 0x000000008e500000|100%| E|CS|TAMS 0x000000008e400000| PB 0x000000008e400000| Complete 
| 229|0x000000008e500000, 0x000000008e600000, 0x000000008e600000|100%| E|CS|TAMS 0x000000008e500000| PB 0x000000008e500000| Complete 
| 230|0x000000008e600000, 0x000000008e700000, 0x000000008e700000|100%| E|CS|TAMS 0x000000008e600000| PB 0x000000008e600000| Complete 
| 231|0x000000008e700000, 0x000000008e800000, 0x000000008e800000|100%| E|CS|TAMS 0x000000008e700000| PB 0x000000008e700000| Complete 
| 232|0x000000008e800000, 0x000000008e900000, 0x000000008e900000|100%| E|CS|TAMS 0x000000008e800000| PB 0x000000008e800000| Complete 
| 233|0x000000008e900000, 0x000000008ea00000, 0x000000008ea00000|100%| E|CS|TAMS 0x000000008e900000| PB 0x000000008e900000| Complete 
| 234|0x000000008ea00000, 0x000000008eb00000, 0x000000008eb00000|100%| E|CS|TAMS 0x000000008ea00000| PB 0x000000008ea00000| Complete 
| 235|0x000000008eb00000, 0x000000008ec00000, 0x000000008ec00000|100%| E|CS|TAMS 0x000000008eb00000| PB 0x000000008eb00000| Complete 
| 236|0x000000008ec00000, 0x000000008ed00000, 0x000000008ed00000|100%| E|CS|TAMS 0x000000008ec00000| PB 0x000000008ec00000| Complete 
| 237|0x000000008ed00000, 0x000000008ee00000, 0x000000008ee00000|100%| E|CS|TAMS 0x000000008ed00000| PB 0x000000008ed00000| Complete 
| 238|0x000000008ee00000, 0x000000008ef00000, 0x000000008ef00000|100%| E|CS|TAMS 0x000000008ee00000| PB 0x000000008ee00000| Complete 
| 239|0x000000008ef00000, 0x000000008f000000, 0x000000008f000000|100%| E|CS|TAMS 0x000000008ef00000| PB 0x000000008ef00000| Complete 
| 240|0x000000008f000000, 0x000000008f100000, 0x000000008f100000|100%| E|CS|TAMS 0x000000008f000000| PB 0x000000008f000000| Complete 
| 241|0x000000008f100000, 0x000000008f200000, 0x000000008f200000|100%| E|CS|TAMS 0x000000008f100000| PB 0x000000008f100000| Complete 
| 242|0x000000008f200000, 0x000000008f300000, 0x000000008f300000|100%| E|CS|TAMS 0x000000008f200000| PB 0x000000008f200000| Complete 
| 243|0x000000008f300000, 0x000000008f400000, 0x000000008f400000|100%| E|CS|TAMS 0x000000008f300000| PB 0x000000008f300000| Complete 

Card table byte_map: [0x000001bda3060000,0x000001bda3460000] _byte_map_base: 0x000001bda2c60000

Marking Bits: (CMBitMap*) 0x000001bd902380e0
 Bits: [0x000001bda3460000, 0x000001bda5460000)

Polling page: 0x000001bd8de00000

Metaspace:

Usage:
  Non-class:     16.99 MB used.
      Class:      2.93 MB used.
       Both:     19.91 MB used.

Virtual space:
  Non-class space:       64.00 MB reserved,      17.31 MB ( 27%) committed,  1 nodes.
      Class space:        1.00 GB reserved,       3.19 MB ( <1%) committed,  1 nodes.
             Both:        1.06 GB reserved,      20.50 MB (  2%) committed. 

Chunk freelists:
   Non-Class:  14.09 MB
       Class:  12.75 MB
        Both:  26.84 MB

MaxMetaspaceSize: unlimited
CompressedClassSpaceSize: 1.00 GB
Initial GC threshold: 21.00 MB
Current GC threshold: 21.00 MB
CDS: on
 - commit_granule_bytes: 65536.
 - commit_granule_words: 8192.
 - virtual_space_node_default_size: 8388608.
 - enlarge_chunks_in_place: 1.
 - use_allocation_guard: 0.


Internal statistics:

num_allocs_failed_limit: 0.
num_arena_births: 930.
num_arena_deaths: 0.
num_vsnodes_births: 2.
num_vsnodes_deaths: 0.
num_space_committed: 328.
num_space_uncommitted: 0.
num_chunks_returned_to_freelist: 0.
num_chunks_taken_from_freelist: 1773.
num_chunk_merges: 0.
num_chunk_splits: 1124.
num_chunks_enlarged: 688.
num_inconsistent_stats: 0.

CodeHeap 'non-profiled nmethods': size=119168Kb used=1575Kb max_used=1575Kb free=117592Kb
 bounds [0x000001bd9af80000, 0x000001bd9b1f0000, 0x000001bda23e0000]
CodeHeap 'profiled nmethods': size=119104Kb used=6613Kb max_used=6613Kb free=112490Kb
 bounds [0x000001bd933e0000, 0x000001bd93a60000, 0x000001bd9a830000]
CodeHeap 'non-nmethods': size=7488Kb used=2548Kb max_used=3044Kb free=4939Kb
 bounds [0x000001bd9a830000, 0x000001bd9abc0000, 0x000001bd9af80000]
CodeCache: size=245760Kb, used=10736Kb, max_used=11232Kb, free=235021Kb
 total_blobs=3808, nmethods=3230, adapters=480, full_count=0
Compilation: enabled, stopped_count=0, restarted_count=0

Compilation events (20 events):
Event: 14.284 Thread 0x000001bda84e6f60 3218   !   4       java.net.URLClassLoader::findClass (47 bytes)
Event: 14.289 Thread 0x000001bda84e95d0 nmethod 3027 0x000001bd9b0fb810 code [0x000001bd9b0fc2c0, 0x000001bd9b104e10]
Event: 14.291 Thread 0x000001bda84e95d0 3219       4       java.net.URLClassLoader$1::run (5 bytes)
Event: 14.301 Thread 0x000001bda84e9ca0 3221       3       org.gradle.internal.service.RelevantMethods$RelevantMethodsBuilder::add (101 bytes)
Event: 14.302 Thread 0x000001bda84e9ca0 nmethod 3221 0x000001bd93a44b10 code [0x000001bd93a44de0, 0x000001bd93a45ae8]
Event: 14.307 Thread 0x000001bda84e9ca0 3222       3       java.lang.invoke.LambdaForm$MH/0x000001bdaa0cc000::invoke (42 bytes)
Event: 14.308 Thread 0x000001bda84e9ca0 nmethod 3222 0x000001bd93a46090 code [0x000001bd93a46320, 0x000001bd93a46fd0]
Event: 14.312 Thread 0x000001bda84eb110 3226       1       java.util.ImmutableCollections$List12::isEmpty (2 bytes)
Event: 14.312 Thread 0x000001bda84eb110 nmethod 3226 0x000001bd9b109c90 code [0x000001bd9b109e20, 0x000001bd9b109ee8]
Event: 14.338 Thread 0x000001bda84eb110 3227       3       java.lang.Class::copyConstructors (38 bytes)
Event: 14.339 Thread 0x000001bda84eb110 nmethod 3227 0x000001bd93a47410 code [0x000001bd93a47680, 0x000001bd93a481c8]
Event: 14.344 Thread 0x000001bda84eb110 3228       3       org.gradle.internal.service.DefaultServiceRegistry$ManagedObjectServiceProvider::setInstance (18 bytes)
Event: 14.344 Thread 0x000001bda84ea370 3229       3       org.gradle.internal.service.DefaultServiceRegistry$OwnServices::instanceRealized (234 bytes)
Event: 14.344 Thread 0x000001bda84e9ca0 3230       3       org.gradle.internal.service.ServiceScopeValidator::getAnnotations (4 bytes)
Event: 14.344 Thread 0x000001bda84e9ca0 nmethod 3230 0x000001bd93a48610 code [0x000001bd93a487a0, 0x000001bd93a488b8]
Event: 14.344 Thread 0x000001bda84eb110 nmethod 3228 0x000001bd93a48990 code [0x000001bd93a48b40, 0x000001bd93a48d18]
Event: 14.346 Thread 0x000001bda84ea370 nmethod 3229 0x000001bd93a48e10 code [0x000001bd93a493a0, 0x000001bd93a4c418]
Event: 14.763 Thread 0x000001bda84eb110 3233       3       java.util.Collections$UnmodifiableCollection::contains (11 bytes)
Event: 14.764 Thread 0x000001bda84e9ca0 3234       3       javax.management.ObjectName::construct (1135 bytes)
Event: 15.404 Thread 0x000001bda84eb110 nmethod 3233 0x000001bd93a4d310 code [0x000001bd93a4d4c0, 0x000001bd93a4d698]

GC Heap History (6 events):
Event: 0.773 GC heap before
{Heap before GC invocations=0 (full 0):
 garbage-first heap   total 249856K, used 22528K [0x0000000080000000, 0x0000000100000000)
  region size 1024K, 23 young (23552K), 0 survivors (0K)
 Metaspace       used 1096K, committed 1216K, reserved 1114112K
  class space    used 81K, committed 128K, reserved 1048576K
}
Event: 0.777 GC heap after
{Heap after GC invocations=1 (full 0):
 garbage-first heap   total 249856K, used 2463K [0x0000000080000000, 0x0000000100000000)
  region size 1024K, 3 young (3072K), 3 survivors (3072K)
 Metaspace       used 1096K, committed 1216K, reserved 1114112K
  class space    used 81K, committed 128K, reserved 1048576K
}
Event: 1.793 GC heap before
{Heap before GC invocations=1 (full 0):
 garbage-first heap   total 249856K, used 41375K [0x0000000080000000, 0x0000000100000000)
  region size 1024K, 39 young (39936K), 3 survivors (3072K)
 Metaspace       used 4461K, committed 4608K, reserved 1114112K
  class space    used 560K, committed 640K, reserved 1048576K
}
Event: 1.799 GC heap after
{Heap after GC invocations=2 (full 0):
 garbage-first heap   total 249856K, used 10844K [0x0000000080000000, 0x0000000100000000)
  region size 1024K, 5 young (5120K), 5 survivors (5120K)
 Metaspace       used 4461K, committed 4608K, reserved 1114112K
  class space    used 560K, committed 640K, reserved 1048576K
}
Event: 2.706 GC heap before
{Heap before GC invocations=2 (full 0):
 garbage-first heap   total 249856K, used 62044K [0x0000000080000000, 0x0000000100000000)
  region size 1024K, 53 young (54272K), 5 survivors (5120K)
 Metaspace       used 6156K, committed 6336K, reserved 1114112K
  class space    used 821K, committed 896K, reserved 1048576K
}
Event: 2.713 GC heap after
{Heap after GC invocations=3 (full 0):
 garbage-first heap   total 249856K, used 18025K [0x0000000080000000, 0x0000000100000000)
  region size 1024K, 6 young (6144K), 6 survivors (6144K)
 Metaspace       used 6156K, committed 6336K, reserved 1114112K
  class space    used 821K, committed 896K, reserved 1048576K
}

Dll operation events (14 events):
Event: 0.013 Loaded shared library C:\Users\user\.vscode\extensions\redhat.java-1.53.0-win32-x64\jre\21.0.10-win32-x86_64\bin\java.dll
Event: 0.166 Loaded shared library C:\Users\user\.vscode\extensions\redhat.java-1.53.0-win32-x64\jre\21.0.10-win32-x86_64\bin\zip.dll
Event: 0.203 Loaded shared library C:\Users\user\.vscode\extensions\redhat.java-1.53.0-win32-x64\jre\21.0.10-win32-x86_64\bin\instrument.dll
Event: 0.210 Loaded shared library C:\Users\user\.vscode\extensions\redhat.java-1.53.0-win32-x64\jre\21.0.10-win32-x86_64\bin\net.dll
Event: 0.213 Loaded shared library C:\Users\user\.vscode\extensions\redhat.java-1.53.0-win32-x64\jre\21.0.10-win32-x86_64\bin\nio.dll
Event: 0.218 Loaded shared library C:\Users\user\.vscode\extensions\redhat.java-1.53.0-win32-x64\jre\21.0.10-win32-x86_64\bin\zip.dll
Event: 0.688 Loaded shared library C:\Users\user\.vscode\extensions\redhat.java-1.53.0-win32-x64\jre\21.0.10-win32-x86_64\bin\jimage.dll
Event: 0.945 Loaded shared library C:\Users\user\.vscode\extensions\redhat.java-1.53.0-win32-x64\jre\21.0.10-win32-x86_64\bin\verify.dll
Event: 1.093 Loaded shared library C:\Users\user\.gradle\native\1def1411415f61bf3af743bc5b6707747c0891f09f0c88961ee8f79bc544acac\windows-amd64\native-platform.dll
Event: 1.117 Loaded shared library C:\Users\user\.gradle\native\0.2.7\x86_64-windows-gnu\gradle-fileevents.dll
Event: 2.715 Loaded shared library C:\Users\user\.vscode\extensions\redhat.java-1.53.0-win32-x64\jre\21.0.10-win32-x86_64\bin\management.dll
Event: 2.717 Loaded shared library C:\Users\user\.vscode\extensions\redhat.java-1.53.0-win32-x64\jre\21.0.10-win32-x86_64\bin\management_ext.dll
Event: 2.898 Loaded shared library C:\Users\user\.vscode\extensions\redhat.java-1.53.0-win32-x64\jre\21.0.10-win32-x86_64\bin\extnet.dll
Event: 6.468 Loaded shared library C:\Users\user\.vscode\extensions\redhat.java-1.53.0-win32-x64\jre\21.0.10-win32-x86_64\bin\sunmscapi.dll

Deoptimization events (20 events):
Event: 13.343 Thread 0x000001bdef73bd60 Uncommon trap: trap_request=0xffffff45 fr.pc=0x000001bd9afaac94 relative=0x00000000000000f4
Event: 13.343 Thread 0x000001bdef73bd60 Uncommon trap: reason=unstable_if action=reinterpret pc=0x000001bd9afaac94 method=java.util.HashMap.hash(Ljava/lang/Object;)I @ 1 c2
Event: 13.343 Thread 0x000001bdef73bd60 DEOPT PACKING pc=0x000001bd9afaac94 sp=0x00000033cfcfc6a0
Event: 13.343 Thread 0x000001bdef73bd60 DEOPT UNPACKING pc=0x000001bd9a884422 sp=0x00000033cfcfc5e0 mode 2
Event: 13.343 Thread 0x000001bdef73bd60 DEOPT PACKING pc=0x000001bd938c9b82 sp=0x00000033cfcfc240
Event: 13.343 Thread 0x000001bdef73bd60 DEOPT UNPACKING pc=0x000001bd9a884bc2 sp=0x00000033cfcfb750 mode 0
Event: 13.446 Thread 0x000001bdef73bd60 Uncommon trap: trap_request=0xffffff45 fr.pc=0x000001bd9b01e1f4 relative=0x0000000000000794
Event: 13.446 Thread 0x000001bdef73bd60 Uncommon trap: reason=unstable_if action=reinterpret pc=0x000001bd9b01e1f4 method=java.util.ArrayList.grow(I)[Ljava/lang/Object; @ 17 c2
Event: 13.446 Thread 0x000001bdef73bd60 DEOPT PACKING pc=0x000001bd9b01e1f4 sp=0x00000033cfcfd610
Event: 13.446 Thread 0x000001bdef73bd60 DEOPT UNPACKING pc=0x000001bd9a884422 sp=0x00000033cfcfd4a8 mode 2
Event: 13.628 Thread 0x000001bdef73bd60 Uncommon trap: trap_request=0xffffffcc fr.pc=0x000001bd9b0c8bfc relative=0x000000000000033c
Event: 13.628 Thread 0x000001bdef73bd60 Uncommon trap: reason=intrinsic_or_type_checked_inlining action=make_not_entrant pc=0x000001bd9b0c8bfc method=java.util.Arrays.copyOf([Ljava/lang/Object;ILjava/lang/Class;)[Ljava/lang/Object; @ 35 c2
Event: 13.628 Thread 0x000001bdef73bd60 DEOPT PACKING pc=0x000001bd9b0c8bfc sp=0x00000033cfcfcf60
Event: 13.628 Thread 0x000001bdef73bd60 DEOPT UNPACKING pc=0x000001bd9a884422 sp=0x00000033cfcfcf08 mode 2
Event: 13.841 Thread 0x000001bdef73bd60 DEOPT PACKING pc=0x000001bd938c9b61 sp=0x00000033cfcfc600
Event: 13.841 Thread 0x000001bdef73bd60 DEOPT UNPACKING pc=0x000001bd9a884bc2 sp=0x00000033cfcfbb10 mode 0
Event: 13.880 Thread 0x000001bdef73bd60 DEOPT PACKING pc=0x000001bd938c9b82 sp=0x00000033cfcfbf10
Event: 13.880 Thread 0x000001bdef73bd60 DEOPT UNPACKING pc=0x000001bd9a884bc2 sp=0x00000033cfcfb420 mode 0
Event: 13.903 Thread 0x000001bdef73bd60 DEOPT PACKING pc=0x000001bd938c9b61 sp=0x00000033cfcf8640
Event: 13.903 Thread 0x000001bdef73bd60 DEOPT UNPACKING pc=0x000001bd9a884bc2 sp=0x00000033cfcf7b50 mode 0

Classes loaded (20 events):
Event: 13.741 Loading class java/util/Collections$2
Event: 13.742 Loading class java/util/Collections$2 done
Event: 13.804 Loading class java/io/ObjectOutputStream$BlockDataOutputStream
Event: 13.805 Loading class java/io/ObjectOutputStream$BlockDataOutputStream done
Event: 13.805 Loading class java/io/ObjectOutputStream$HandleTable
Event: 13.805 Loading class java/io/ObjectOutputStream$HandleTable done
Event: 13.805 Loading class java/io/ObjectOutputStream$ReplaceTable
Event: 13.805 Loading class java/io/ObjectOutputStream$ReplaceTable done
Event: 13.811 Loading class java/io/UnsupportedEncodingException
Event: 13.811 Loading class java/io/UnsupportedEncodingException done
Event: 13.811 Loading class java/nio/charset/CharacterCodingException
Event: 13.811 Loading class java/nio/charset/CharacterCodingException done
Event: 13.811 Loading class java/util/stream/IntStream
Event: 13.812 Loading class java/util/stream/IntStream done
Event: 13.913 Loading class java/util/function/LongFunction
Event: 13.913 Loading class java/util/function/LongFunction done
Event: 14.002 Loading class java/security/InvalidKeyException
Event: 14.002 Loading class java/security/KeyException
Event: 14.002 Loading class java/security/KeyException done
Event: 14.002 Loading class java/security/InvalidKeyException done

Classes unloaded (0 events):
No events

Classes redefined (0 events):
No events

Internal exceptions (20 events):
Event: 13.630 Thread 0x000001bdef73bd60 Exception <a 'java/lang/NoSuchMethodError'{0x000000008b650cf0}: 'java.lang.Object java.lang.invoke.DirectMethodHandle$Holder.invokeStatic(java.lang.Object, java.lang.Object, java.lang.Object, java.lang.Object, java.lang.Object, java.lang.Object, java.lang.Object, java.lang.Object, java.lang.Object, java.lang.Object, java.lang.Object, java.lang.Object, java.lang.Object, java.lang.Object, java.lang.Object, java.lang.Object, java.lang.Object)'> (0x000000008b650cf0) 
thrown [s\src\hotspot\share\interpreter\lin
Event: 13.633 Thread 0x000001bdef73bd60 Exception <a 'java/lang/NoSuchMethodError'{0x000000008b679ab8}: 'java.lang.Object java.lang.invoke.DirectMethodHandle$Holder.invokeStatic(java.lang.Object, java.lang.Object, java.lang.Object, java.lang.Object, java.lang.Object, java.lang.Object, java.lang.Object, java.lang.Object, java.lang.Object, java.lang.Object, java.lang.Object, java.lang.Object, java.lang.Object, java.lang.Object, java.lang.Object, java.lang.Object, java.lang.Object, java.lang.Object)'> (0x000000008b679ab8) 
thrown [s\src\hotspot\sha
Event: 13.635 Thread 0x000001bdef73bd60 Exception <a 'java/lang/NoSuchMethodError'{0x000000008b6a3f90}: 'java.lang.Object java.lang.invoke.DirectMethodHandle$Holder.invokeStatic(java.lang.Object, java.lang.Object, java.lang.Object, java.lang.Object, java.lang.Object, java.lang.Object, java.lang.Object, java.lang.Object, java.lang.Object, java.lang.Object, java.lang.Object, java.lang.Object, java.lang.Object, java.lang.Object, java.lang.Object, java.lang.Object, java.lang.Object, java.lang.Object, java.lang.Object)'> (0x000000008b6a3f90) 
thrown 
Event: 13.639 Thread 0x000001bdef73bd60 Exception <a 'java/lang/NoSuchMethodError'{0x000000008b6cf618}: 'java.lang.Object java.lang.invoke.DirectMethodHandle$Holder.invokeStatic(java.lang.Object, java.lang.Object, java.lang.Object, java.lang.Object, java.lang.Object, java.lang.Object, java.lang.Object, java.lang.Object, java.lang.Object, java.lang.Object, java.lang.Object, java.lang.Object, java.lang.Object, java.lang.Object, java.lang.Object, java.lang.Object, java.lang.Object, java.lang.Object, java.lang.Object, java.lang.Object)'> (0x00000000
Event: 13.642 Thread 0x000001bdef73bd60 Exception <a 'java/lang/NoSuchMethodError'{0x000000008b6fbec8}: 'java.lang.Object java.lang.invoke.DirectMethodHandle$Holder.invokeStatic(java.lang.Object, java.lang.Object, java.lang.Object, java.lang.Object, java.lang.Object, java.lang.Object, java.lang.Object, java.lang.Object, java.lang.Object, java.lang.Object, java.lang.Object, java.lang.Object, java.lang.Object, java.lang.Object, java.lang.Object, java.lang.Object, java.lang.Object, java.lang.Object, java.lang.Object, java.lang.Object, java.lang.Obj
Event: 13.646 Thread 0x000001bdef73bd60 Exception <a 'java/lang/NoSuchMethodError'{0x000000008b529bb8}: 'java.lang.Object java.lang.invoke.DirectMethodHandle$Holder.invokeStatic(java.lang.Object, java.lang.Object, java.lang.Object, java.lang.Object, java.lang.Object, java.lang.Object, java.lang.Object, java.lang.Object, java.lang.Object, java.lang.Object, java.lang.Object, java.lang.Object, java.lang.Object, java.lang.Object, java.lang.Object, java.lang.Object, java.lang.Object, java.lang.Object, java.lang.Object, java.lang.Object, java.lang.Obj
Event: 13.649 Thread 0x000001bdef73bd60 Exception <a 'java/lang/NoSuchMethodError'{0x000000008b5586f0}: 'java.lang.Object java.lang.invoke.DirectMethodHandle$Holder.invokeStatic(java.lang.Object, java.lang.Object, java.lang.Object, java.lang.Object, java.lang.Object, java.lang.Object, java.lang.Object, java.lang.Object, java.lang.Object, java.lang.Object, java.lang.Object, java.lang.Object, java.lang.Object, java.lang.Object, java.lang.Object, java.lang.Object, java.lang.Object, java.lang.Object, java.lang.Object, java.lang.Object, java.lang.Obj
Event: 13.652 Thread 0x000001bdef73bd60 Exception <a 'java/lang/NoSuchMethodError'{0x000000008b589850}: 'java.lang.Object java.lang.invoke.DirectMethodHandle$Holder.invokeStatic(java.lang.Object, java.lang.Object, java.lang.Object, java.lang.Object, java.lang.Object, java.lang.Object, java.lang.Object, java.lang.Object, java.lang.Object, java.lang.Object, java.lang.Object, java.lang.Object, java.lang.Object, java.lang.Object, java.lang.Object, java.lang.Object, java.lang.Object, java.lang.Object, java.lang.Object, java.lang.Object, java.lang.Obj
Event: 13.655 Thread 0x000001bdef73bd60 Exception <a 'java/lang/NoSuchMethodError'{0x000000008b5ba348}: 'java.lang.Object java.lang.invoke.DirectMethodHandle$Holder.invokeStatic(java.lang.Object, java.lang.Object, java.lang.Object, java.lang.Object, java.lang.Object, java.lang.Object, java.lang.Object, java.lang.Object, java.lang.Object, java.lang.Object, java.lang.Object, java.lang.Object, java.lang.Object, java.lang.Object, java.lang.Object, java.lang.Object, java.lang.Object, java.lang.Object, java.lang.Object, java.lang.Object, java.lang.Obj
Event: 13.657 Thread 0x000001bdef73bd60 Exception <a 'java/lang/NoSuchMethodError'{0x000000008b5eb230}: 'java.lang.Object java.lang.invoke.DirectMethodHandle$Holder.invokeStatic(java.lang.Object, java.lang.Object, java.lang.Object, java.lang.Object, java.lang.Object, java.lang.Object, java.lang.Object, java.lang.Object, java.lang.Object, java.lang.Object, java.lang.Object, java.lang.Object, java.lang.Object, java.lang.Object, java.lang.Object, java.lang.Object, java.lang.Object, java.lang.Object, java.lang.Object, java.lang.Object, java.lang.Obj
Event: 13.660 Thread 0x000001bdef73bd60 Exception <a 'java/lang/NoSuchMethodError'{0x000000008b41df40}: 'java.lang.Object java.lang.invoke.DirectMethodHandle$Holder.invokeStatic(java.lang.Object, java.lang.Object, java.lang.Object, java.lang.Object, java.lang.Object, java.lang.Object, java.lang.Object, java.lang.Object, java.lang.Object, java.lang.Object, java.lang.Object, java.lang.Object, java.lang.Object, java.lang.Object, java.lang.Object, java.lang.Object, java.lang.Object, java.lang.Object, java.lang.Object, java.lang.Object, java.lang.Obj
Event: 13.711 Thread 0x000001bdef73bd60 Exception <a 'java/lang/IncompatibleClassChangeError'{0x000000008b362a68}: Found class java.lang.Object, but interface was expected> (0x000000008b362a68) 
thrown [s\src\hotspot\share\interpreter\linkResolver.cpp, line 840]
Event: 13.807 Thread 0x000001bdef73a9b0 Exception <a 'java/lang/NoSuchMethodError'{0x000000008df951e0}: static Lorg/gradle/internal/build/event/types/DefaultOperationStartedProgressEvent;.<clinit>()V> (0x000000008df951e0) 
thrown [s\src\hotspot\share\prims\jni.cpp, line 1111]
Event: 13.808 Thread 0x000001bdef73a9b0 Exception <a 'java/lang/NoSuchMethodError'{0x000000008df96818}: static Lorg/gradle/internal/build/event/types/AbstractProgressEvent;.<clinit>()V> (0x000000008df96818) 
thrown [s\src\hotspot\share\prims\jni.cpp, line 1111]
Event: 13.810 Thread 0x000001bdef73a9b0 Exception <a 'java/lang/NoSuchMethodError'{0x000000008df9f410}: static Lorg/gradle/internal/build/event/types/DefaultOperationDescriptor;.<clinit>()V> (0x000000008df9f410) 
thrown [s\src\hotspot\share\prims\jni.cpp, line 1111]
Event: 13.814 Thread 0x000001bdef73a9b0 Exception <a 'java/lang/NoSuchMethodError'{0x000000008dfb7bf8}: static Lorg/gradle/internal/operations/OperationIdentifier;.<clinit>()V> (0x000000008dfb7bf8) 
thrown [s\src\hotspot\share\prims\jni.cpp, line 1111]
Event: 14.105 Thread 0x000001bdef73bd60 Exception <a 'java/lang/IncompatibleClassChangeError'{0x000000008a85e930}: Found class java.lang.Object, but interface was expected> (0x000000008a85e930) 
thrown [s\src\hotspot\share\interpreter\linkResolver.cpp, line 840]
Event: 14.114 Thread 0x000001bdef73bd60 Exception <a 'java/lang/NoSuchMethodError'{0x000000008a88d3d0}: 'java.lang.Object java.lang.invoke.DirectMethodHandle$Holder.newInvokeSpecial(java.lang.Object, java.lang.Object, java.lang.Object, java.lang.Object, java.lang.Object, java.lang.Object, java.lang.Object, java.lang.Object, java.lang.Object, java.lang.Object)'> (0x000000008a88d3d0) 
thrown [s\src\hotspot\share\interpreter\linkResolver.cpp, line 773]
Event: 14.194 Thread 0x000001bdef73bd60 Exception <a 'java/lang/NoSuchMethodError'{0x000000008a6eb0c8}: 'int java.lang.invoke.DirectMethodHandle$Holder.invokeStaticInit(java.lang.Object, java.lang.Object, java.lang.Object)'> (0x000000008a6eb0c8) 
thrown [s\src\hotspot\share\interpreter\linkResolver.cpp, line 773]
Event: 14.311 Thread 0x000001bdef73bd60 Exception <a 'java/lang/NoSuchMethodError'{0x000000008a102ee0}: 'void java.lang.invoke.DirectMethodHandle$Holder.invokeVirtual(java.lang.Object, java.lang.Object, java.lang.Object, java.lang.Object, java.lang.Object)'> (0x000000008a102ee0) 
thrown [s\src\hotspot\share\interpreter\linkResolver.cpp, line 773]

ZGC Phase Switch (0 events):
No events

VM Operations (20 events):
Event: 6.475 Executing non-safepoint VM operation: HandshakeAllThreads (Deoptimize)
Event: 6.475 Executing non-safepoint VM operation: HandshakeAllThreads (Deoptimize) done
Event: 6.475 Executing safepoint VM operation: Cleanup
Event: 6.475 Executing safepoint VM operation: Cleanup done
Event: 7.487 Executing safepoint VM operation: Cleanup
Event: 7.745 Executing safepoint VM operation: Cleanup done
Event: 8.748 Executing safepoint VM operation: Cleanup
Event: 8.840 Executing safepoint VM operation: Cleanup done
Event: 9.843 Executing safepoint VM operation: Cleanup
Event: 9.843 Executing safepoint VM operation: Cleanup done
Event: 12.874 Executing safepoint VM operation: Cleanup
Event: 12.876 Executing safepoint VM operation: Cleanup done
Event: 13.070 Executing non-safepoint VM operation: HandshakeAllThreads (Deoptimize)
Event: 13.070 Executing non-safepoint VM operation: HandshakeAllThreads (Deoptimize) done
Event: 13.671 Executing non-safepoint VM operation: HandshakeAllThreads (Deoptimize)
Event: 13.671 Executing non-safepoint VM operation: HandshakeAllThreads (Deoptimize) done
Event: 13.672 Executing non-safepoint VM operation: HandshakeAllThreads (Deoptimize)
Event: 13.672 Executing non-safepoint VM operation: HandshakeAllThreads (Deoptimize) done
Event: 14.686 Executing safepoint VM operation: Cleanup
Event: 14.686 Executing safepoint VM operation: Cleanup done

Memory protections (0 events):
No events

Nmethod flushes (0 events):
No events

Events (20 events):
Event: 6.373 Thread 0x000001bda84eb7e0 Thread exited: 0x000001bda84eb7e0
Event: 6.413 Thread 0x000001bd901dc5d0 Thread added: 0x000001bda84d4ca0
Event: 6.529 Thread 0x000001bda84d66e0 Thread added: 0x000001bda84d3f80
Event: 6.533 Thread 0x000001bda84d3f80 Thread added: 0x000001bdef73b040
Event: 6.643 Thread 0x000001bda84d3f80 Thread added: 0x000001bdef73a320
Event: 6.655 Thread 0x000001bda84d3f80 Thread added: 0x000001bdef73bd60
Event: 6.669 Thread 0x000001bdef73bd60 Thread added: 0x000001bdef739600
Event: 6.675 Thread 0x000001bdef73bd60 Thread added: 0x000001bdef73b6d0
Event: 6.679 Thread 0x000001bdef73bd60 Thread added: 0x000001bdef73a9b0
Event: 7.152 Thread 0x000001bda84e95d0 Thread exited: 0x000001bda84e95d0
Event: 7.750 Thread 0x000001bda84eaa40 Thread exited: 0x000001bda84eaa40
Event: 12.806 Thread 0x000001bda84ea370 Thread added: 0x000001bda84eb110
Event: 12.806 Thread 0x000001bda84ea370 Thread added: 0x000001bda84e9ca0
Event: 13.070 Thread 0x000001bdef73bd60 Thread added: 0x000001bdef73c3f0
Event: 13.102 Thread 0x000001bdef73bd60 Thread added: 0x000001bdef738f70
Event: 13.154 Thread 0x000001bdef73bd60 Thread added: 0x000001bdef739c90
Event: 13.228 Thread 0x000001bda84eb110 Thread added: 0x000001bda84ec580
Event: 13.620 Thread 0x000001bda84ec580 Thread exited: 0x000001bda84ec580
Event: 13.625 Thread 0x000001bda84e9ca0 Thread added: 0x000001bda84e95d0
Event: 13.660 Thread 0x000001bda84eb110 Thread added: 0x000001bda84eaa40


Dynamic libraries:
0x00007ff65afb0000 - 0x00007ff65afbe000 	C:\Users\user\.vscode\extensions\redhat.java-1.53.0-win32-x64\jre\21.0.10-win32-x86_64\bin\java.exe
0x00007ff8f9400000 - 0x00007ff8f9668000 	C:\WINDOWS\SYSTEM32\ntdll.dll
0x00007ff8f80c0000 - 0x00007ff8f8189000 	C:\WINDOWS\System32\KERNEL32.DLL
0x00007ff8f5ec0000 - 0x00007ff8f62b1000 	C:\WINDOWS\System32\KERNELBASE.dll
0x00007ff8f7050000 - 0x00007ff8f719b000 	C:\WINDOWS\System32\ucrtbase.dll
0x00007ff8d7180000 - 0x00007ff8d7198000 	C:\Users\user\.vscode\extensions\redhat.java-1.53.0-win32-x64\jre\21.0.10-win32-x86_64\bin\jli.dll
0x00007ff8d7150000 - 0x00007ff8d716e000 	C:\Users\user\.vscode\extensions\redhat.java-1.53.0-win32-x64\jre\21.0.10-win32-x86_64\bin\VCRUNTIME140.dll
0x00007ff8f7230000 - 0x00007ff8f73f6000 	C:\WINDOWS\System32\USER32.dll
0x00007ff8decc0000 - 0x00007ff8def53000 	C:\WINDOWS\WinSxS\amd64_microsoft.windows.common-controls_6595b64144ccf1df_6.0.26100.7824_none_3e0870b2e3345462\COMCTL32.dll
0x00007ff8f6eb0000 - 0x00007ff8f6ed7000 	C:\WINDOWS\System32\win32u.dll
0x00007ff8f9310000 - 0x00007ff8f93b9000 	C:\WINDOWS\System32\msvcrt.dll
0x00007ff8f7480000 - 0x00007ff8f74ab000 	C:\WINDOWS\System32\GDI32.dll
0x00007ff8f5d90000 - 0x00007ff8f5ebb000 	C:\WINDOWS\System32\gdi32full.dll
0x00007ff8f5ce0000 - 0x00007ff8f5d83000 	C:\WINDOWS\System32\msvcp_win.dll
0x00007ff8f8080000 - 0x00007ff8f80b1000 	C:\WINDOWS\System32\IMM32.DLL
0x00007ff8dd800000 - 0x00007ff8dd80c000 	C:\Users\user\.vscode\extensions\redhat.java-1.53.0-win32-x64\jre\21.0.10-win32-x86_64\bin\vcruntime140_1.dll
0x00007ff8b07a0000 - 0x00007ff8b082d000 	C:\Users\user\.vscode\extensions\redhat.java-1.53.0-win32-x64\jre\21.0.10-win32-x86_64\bin\msvcp140.dll
0x00007ff846180000 - 0x00007ff846f21000 	C:\Users\user\.vscode\extensions\redhat.java-1.53.0-win32-x64\jre\21.0.10-win32-x86_64\bin\server\jvm.dll
0x00007ff8f7fc0000 - 0x00007ff8f8074000 	C:\WINDOWS\System32\ADVAPI32.dll
0x00007ff8f79e0000 - 0x00007ff8f7a86000 	C:\WINDOWS\System32\sechost.dll
0x00007ff8f7e90000 - 0x00007ff8f7fa8000 	C:\WINDOWS\System32\RPCRT4.dll
0x00007ff8f84f0000 - 0x00007ff8f8564000 	C:\WINDOWS\System32\WS2_32.dll
0x00007ff8f5b40000 - 0x00007ff8f5b9e000 	C:\WINDOWS\SYSTEM32\POWRPROF.dll
0x00007ff8eab40000 - 0x00007ff8eab75000 	C:\WINDOWS\SYSTEM32\WINMM.dll
0x00007ff8ef030000 - 0x00007ff8ef03b000 	C:\WINDOWS\SYSTEM32\VERSION.dll
0x00007ff8f5b20000 - 0x00007ff8f5b34000 	C:\WINDOWS\SYSTEM32\UMPDC.dll
0x00007ff8f4a80000 - 0x00007ff8f4a9b000 	C:\WINDOWS\SYSTEM32\kernel.appcore.dll
0x00007ff8dd5d0000 - 0x00007ff8dd5da000 	C:\Users\user\.vscode\extensions\redhat.java-1.53.0-win32-x64\jre\21.0.10-win32-x86_64\bin\jimage.dll
0x00007ff8eced0000 - 0x00007ff8ed112000 	C:\WINDOWS\SYSTEM32\DBGHELP.DLL
0x00007ff8f74d0000 - 0x00007ff8f7856000 	C:\WINDOWS\System32\combase.dll
0x00007ff8f7b50000 - 0x00007ff8f7c27000 	C:\WINDOWS\System32\OLEAUT32.dll
0x00007ff8de9c0000 - 0x00007ff8de9fb000 	C:\WINDOWS\SYSTEM32\dbgcore.DLL
0x00007ff8f6c80000 - 0x00007ff8f6d25000 	C:\WINDOWS\System32\bcryptPrimitives.dll
0x00007ff8dd870000 - 0x00007ff8dd87f000 	C:\Users\user\.vscode\extensions\redhat.java-1.53.0-win32-x64\jre\21.0.10-win32-x86_64\bin\instrument.dll
0x00007ff8d6fe0000 - 0x00007ff8d7000000 	C:\Users\user\.vscode\extensions\redhat.java-1.53.0-win32-x64\jre\21.0.10-win32-x86_64\bin\java.dll
0x00007ff8f8ba0000 - 0x00007ff8f92f2000 	C:\WINDOWS\System32\SHELL32.dll
0x00007ff8f6ee0000 - 0x00007ff8f704a000 	C:\WINDOWS\System32\wintypes.dll
0x00007ff8f6410000 - 0x00007ff8f6c73000 	C:\WINDOWS\System32\windows.storage.dll
0x00007ff8f83f0000 - 0x00007ff8f84e6000 	C:\WINDOWS\System32\SHCORE.dll
0x00007ff8f8320000 - 0x00007ff8f8387000 	C:\WINDOWS\System32\shlwapi.dll
0x00007ff8f5c00000 - 0x00007ff8f5c29000 	C:\WINDOWS\SYSTEM32\profapi.dll
0x00007ff8d6f60000 - 0x00007ff8d6f78000 	C:\Users\user\.vscode\extensions\redhat.java-1.53.0-win32-x64\jre\21.0.10-win32-x86_64\bin\zip.dll
0x00007ff8d9300000 - 0x00007ff8d9310000 	C:\Users\user\.vscode\extensions\redhat.java-1.53.0-win32-x64\jre\21.0.10-win32-x86_64\bin\net.dll
0x00007ff8ef870000 - 0x00007ff8ef997000 	C:\WINDOWS\SYSTEM32\WINHTTP.dll
0x00007ff8f4ff0000 - 0x00007ff8f505b000 	C:\WINDOWS\system32\mswsock.dll
0x00007ff8d52d0000 - 0x00007ff8d52e6000 	C:\Users\user\.vscode\extensions\redhat.java-1.53.0-win32-x64\jre\21.0.10-win32-x86_64\bin\nio.dll
0x00007ff8d8aa0000 - 0x00007ff8d8ab0000 	C:\Users\user\.vscode\extensions\redhat.java-1.53.0-win32-x64\jre\21.0.10-win32-x86_64\bin\verify.dll
0x00007ff8ddce0000 - 0x00007ff8ddd07000 	C:\Users\user\.gradle\native\1def1411415f61bf3af743bc5b6707747c0891f09f0c88961ee8f79bc544acac\windows-amd64\native-platform.dll
0x00007ff8d4ad0000 - 0x00007ff8d4b48000 	C:\Users\user\.gradle\native\0.2.7\x86_64-windows-gnu\gradle-fileevents.dll
0x00007ff8d88f0000 - 0x00007ff8d88fa000 	C:\Users\user\.vscode\extensions\redhat.java-1.53.0-win32-x64\jre\21.0.10-win32-x86_64\bin\management.dll
0x00007ff8d6cf0000 - 0x00007ff8d6cfc000 	C:\Users\user\.vscode\extensions\redhat.java-1.53.0-win32-x64\jre\21.0.10-win32-x86_64\bin\management_ext.dll
0x00007ff8f7fb0000 - 0x00007ff8f7fb8000 	C:\WINDOWS\System32\PSAPI.DLL
0x00007ff8f44f0000 - 0x00007ff8f4524000 	C:\WINDOWS\SYSTEM32\IPHLPAPI.DLL
0x00007ff8f8190000 - 0x00007ff8f819a000 	C:\WINDOWS\System32\NSI.dll
0x00007ff8d5b00000 - 0x00007ff8d5b09000 	C:\Users\user\.vscode\extensions\redhat.java-1.53.0-win32-x64\jre\21.0.10-win32-x86_64\bin\extnet.dll
0x00007ff8f52c0000 - 0x00007ff8f52db000 	C:\WINDOWS\SYSTEM32\CRYPTSP.dll
0x00007ff8f49e0000 - 0x00007ff8f4a19000 	C:\WINDOWS\system32\rsaenh.dll
0x00007ff8f50a0000 - 0x00007ff8f50cb000 	C:\WINDOWS\SYSTEM32\USERENV.dll
0x00007ff8f5bd0000 - 0x00007ff8f5bfa000 	C:\WINDOWS\SYSTEM32\bcrypt.dll
0x00007ff8f52e0000 - 0x00007ff8f52ec000 	C:\WINDOWS\SYSTEM32\CRYPTBASE.dll
0x00007ff8d6c50000 - 0x00007ff8d6c5e000 	C:\Users\user\.vscode\extensions\redhat.java-1.53.0-win32-x64\jre\21.0.10-win32-x86_64\bin\sunmscapi.dll
0x00007ff8f6d30000 - 0x00007ff8f6ea7000 	C:\WINDOWS\System32\CRYPT32.dll
0x00007ff8f54e0000 - 0x00007ff8f5510000 	C:\WINDOWS\SYSTEM32\ncrypt.dll
0x00007ff8f5490000 - 0x00007ff8f54cf000 	C:\WINDOWS\SYSTEM32\NTASN1.dll
0x00007ff8b4850000 - 0x00007ff8b4858000 	C:\WINDOWS\system32\wshunix.dll

JVMTI agents:
C:\Users\user\.gradle\wrapper\dists\gradle-8.13-bin\5xuhj0ry160q40clulazy9h7d\gradle-8.13\lib\agents\gradle-instrumentation-agent-8.13.jar path:C:\Users\user\.vscode\extensions\redhat.java-1.53.0-win32-x64\jre\21.0.10-win32-x86_64\bin\instrument.dll, loaded, initialized, instrumentlib options:none

dbghelp: loaded successfully - version: 4.0.5 - missing functions: none
symbol engine: initialized successfully - sym options: 0x614 - pdb path: .;C:\Users\user\.vscode\extensions\redhat.java-1.53.0-win32-x64\jre\21.0.10-win32-x86_64\bin;C:\WINDOWS\SYSTEM32;C:\WINDOWS\WinSxS\amd64_microsoft.windows.common-controls_6595b64144ccf1df_6.0.26100.7824_none_3e0870b2e3345462;C:\Users\user\.vscode\extensions\redhat.java-1.53.0-win32-x64\jre\21.0.10-win32-x86_64\bin\server;C:\Users\user\.gradle\native\1def1411415f61bf3af743bc5b6707747c0891f09f0c88961ee8f79bc544acac\windows-amd64;C:\Users\user\.gradle\native\0.2.7\x86_64-windows-gnu

VM Arguments:
jvm_args: --add-opens=java.base/java.lang=ALL-UNNAMED --add-opens=java.base/java.lang.invoke=ALL-UNNAMED --add-opens=java.base/java.util=ALL-UNNAMED --add-opens=java.prefs/java.util.prefs=ALL-UNNAMED --add-exports=jdk.compiler/com.sun.tools.javac.api=ALL-UNNAMED --add-exports=jdk.compiler/com.sun.tools.javac.util=ALL-UNNAMED --add-opens=java.base/java.util=ALL-UNNAMED --add-opens=java.prefs/java.util.prefs=ALL-UNNAMED --add-opens=java.base/java.nio.charset=ALL-UNNAMED --add-opens=java.base/java.net=ALL-UNNAMED --add-opens=java.base/java.util.concurrent.atomic=ALL-UNNAMED --add-opens=java.xml/javax.xml.namespace=ALL-UNNAMED -Xmx2048m -Dfile.encoding=UTF-8 -Duser.country=US -Duser.language=en -Duser.variant -javaagent:C:\Users\user\.gradle\wrapper\dists\gradle-8.13-bin\5xuhj0ry160q40clulazy9h7d\gradle-8.13\lib\agents\gradle-instrumentation-agent-8.13.jar 
java_command: org.gradle.launcher.daemon.bootstrap.GradleDaemon 8.13
java_class_path (initial): C:\Users\user\.gradle\wrapper\dists\gradle-8.13-bin\5xuhj0ry160q40clulazy9h7d\gradle-8.13\lib\gradle-daemon-main-8.13.jar
Launcher Type: SUN_STANDARD

[Global flags]
     intx CICompilerCount                          = 12                                        {product} {ergonomic}
     uint ConcGCThreads                            = 3                                         {product} {ergonomic}
     uint G1ConcRefinementThreads                  = 13                                        {product} {ergonomic}
   size_t G1HeapRegionSize                         = 1048576                                   {product} {ergonomic}
    uintx GCDrainStackTargetSize                   = 64                                        {product} {ergonomic}
   size_t InitialHeapSize                          = 255852544                                 {product} {ergonomic}
   size_t MarkStackSize                            = 4194304                                   {product} {ergonomic}
   size_t MaxHeapSize                              = 2147483648                                {product} {command line}
   size_t MaxNewSize                               = 1287651328                                {product} {ergonomic}
   size_t MinHeapDeltaBytes                        = 1048576                                   {product} {ergonomic}
   size_t MinHeapSize                              = 8388608                                   {product} {ergonomic}
    uintx NonNMethodCodeHeapSize                   = 7602480                                {pd product} {ergonomic}
    uintx NonProfiledCodeHeapSize                  = 122027880                              {pd product} {ergonomic}
    uintx ProfiledCodeHeapSize                     = 122027880                              {pd product} {ergonomic}
    uintx ReservedCodeCacheSize                    = 251658240                              {pd product} {ergonomic}
     bool SegmentedCodeCache                       = true                                      {product} {ergonomic}
   size_t SoftMaxHeapSize                          = 2147483648                             {manageable} {ergonomic}
     bool UseCompressedOops                        = true                           {product lp64_product} {ergonomic}
     bool UseG1GC                                  = true                                      {product} {ergonomic}
     bool UseLargePagesIndividualAllocation        = false                                  {pd product} {ergonomic}

Logging:
Log output configuration:
 #0: stdout all=warning uptime,level,tags foldmultilines=false
 #1: stderr all=off uptime,level,tags foldmultilines=false

Release file:
JAVA_VERSION="21.0.10" 
MODULES="java.base java.compiler java.datatransfer java.xml java.prefs java.desktop java.instrument java.logging java.management java.security.sasl java.naming java.rmi java.management.rmi java.net.http java.scripting java.security.jgss java.transaction.xa java.sql java.sql.rowset java.xml.crypto java.se java.smartcardio jdk.accessibility jdk.internal.jvmstat jdk.attach jdk.charsets jdk.internal.opt jdk.zipfs jdk.compiler jdk.crypto.ec jdk.crypto.cryptoki jdk.crypto.mscapi jdk.dynalink jdk.internal.ed jdk.editpad jdk.hotspot.agent jdk.httpserver jdk.internal.le jdk.internal.vm.ci jdk.internal.vm.compiler jdk.internal.vm.compiler.management jdk.jartool jdk.javadoc jdk.jcmd jdk.management jdk.management.agent jdk.jconsole jdk.jdeps jdk.jdwp.agent jdk.jdi jdk.jfr jdk.jshell jdk.jsobject jdk.jstatd jdk.localedata jdk.management.jfr jdk.naming.dns jdk.naming.rmi jdk.net jdk.nio.mapmode jdk.random jdk.sctp jdk.security.auth jdk.security.jgss jdk.unsupported jdk.unsupported.desktop jdk.xml.dom" 

Environment Variables:
PATH=C:\Program Files\Common Files\Oracle\Java\javapath;C:\WINDOWS\system32;C:\WINDOWS;C:\WINDOWS\System32\Wbem;C:\WINDOWS\System32\WindowsPowerShell\v1.0\;C:\WINDOWS\System32\OpenSSH\;C:\Program Files\nodejs\;C:\Program Files\Git\cmd;C:\Program Files\PostgreSQL\16\bin;C:\Program Files\MySQL\MySQL Server 8.0\bin;C:\Users\user\AppData\Local\Programs\Python\Launcher\;C:\Program Files\MySQL\MySQL Shell 8.0\bin\;C:\Users\user\AppData\Local\Microsoft\WindowsApps;;C:\Users\user\AppData\Local\Programs\Microsoft VS Code\bin;C:\Users\user\AppData\Roaming\npm;C:\Users\user\AppData\Local\Programs\cursor\resources\app\bin
USERNAME=user
OS=Windows_NT
PROCESSOR_IDENTIFIER=AMD64 Family 25 Model 68 Stepping 1, AuthenticAMD
TMP=C:\Users\user\AppData\Local\Temp
TEMP=C:\Users\user\AppData\Local\Temp




Periodic native trim disabled

---------------  S Y S T E M  ---------------

OS:
 Windows 11 , 64 bit Build 26100 (10.0.26100.7705)
OS uptime: 6 days 23:40 hours

CPU: total 16 (initial active 16) (16 cores per cpu, 2 threads per core) family 25 model 68 stepping 1 microcode 0xa404101, cx8, cmov, fxsr, ht, mmx, 3dnowpref, sse, sse2, sse3, ssse3, sse4a, sse4.1, sse4.2, popcnt, lzcnt, tsc, tscinvbit, avx, avx2, aes, clmul, bmi1, bmi2, adx, sha, fma, vzeroupper, clflush, clflushopt, rdtscp, rdpid, f16c, pku, cet_ss
Processor Information for processor 0
  Max Mhz: 3201, Current Mhz: 2508, Mhz Limit: 3201
Processor Information for processor 1
  Max Mhz: 3201, Current Mhz: 2508, Mhz Limit: 3201
Processor Information for processor 2
  Max Mhz: 3201, Current Mhz: 2508, Mhz Limit: 3201
Processor Information for processor 3
  Max Mhz: 3201, Current Mhz: 1989, Mhz Limit: 3201
Processor Information for processor 4
  Max Mhz: 3201, Current Mhz: 2508, Mhz Limit: 3201
Processor Information for processor 5
  Max Mhz: 3201, Current Mhz: 2508, Mhz Limit: 3201
Processor Information for processor 6
  Max Mhz: 3201, Current Mhz: 2508, Mhz Limit: 3201
Processor Information for processor 7
  Max Mhz: 3201, Current Mhz: 1989, Mhz Limit: 3201
Processor Information for processor 8
  Max Mhz: 3201, Current Mhz: 1989, Mhz Limit: 3201
Processor Information for processor 9
  Max Mhz: 3201, Current Mhz: 2508, Mhz Limit: 3201
Processor Information for processor 10
  Max Mhz: 3201, Current Mhz: 1989, Mhz Limit: 3201
Processor Information for processor 11
  Max Mhz: 3201, Current Mhz: 1989, Mhz Limit: 3201
Processor Information for processor 12
  Max Mhz: 3201, Current Mhz: 1989, Mhz Limit: 3201
Processor Information for processor 13
  Max Mhz: 3201, Current Mhz: 1989, Mhz Limit: 3201
Processor Information for processor 14
  Max Mhz: 3201, Current Mhz: 1989, Mhz Limit: 3201
Processor Information for processor 15
  Max Mhz: 3201, Current Mhz: 1989, Mhz Limit: 3201

Memory: 4k page, system-wide physical 15613M (1246M free)
TotalPageFile size 41175M (AvailPageFile size 9M)
current process WorkingSet (physical memory assigned to process): 237M, peak: 237M
current process commit charge ("private bytes"): 435M, peak: 435M

vm_info: OpenJDK 64-Bit Server VM (21.0.10+7-LTS) for windows-amd64 JRE (21.0.10+7-LTS), built on 2026-01-20T00:00:00Z by "admin" with MS VC++ 17.12 (VS2022)

END.
