#
# There is insufficient memory for the Java Runtime Environment to continue.
# Native memory allocation (malloc) failed to allocate 1828496 bytes. Error detail: Chunk::new
# Possible reasons:
#   The system is out of physical RAM or swap space
#   This process is running with CompressedOops enabled, and the Java Heap may be blocking the growth of the native heap
# Possible solutions:
#   Reduce memory load on the system
#   Increase physical memory or swap space
#   Check if swap backing store is full
#   Decrease Java heap size (-Xmx/-Xms)
#   Decrease number of Java threads
#   Decrease Java thread stack sizes (-Xss)
#   Set larger code cache with -XX:ReservedCodeCacheSize=
#   JVM is running with Unscaled Compressed Oops mode in which the Java heap is
#     placed in the first 4GB address space. The Java Heap base address is the
#     maximum limit for the native heap growth. Please use -XX:HeapBaseMinAddress
#     to set the Java Heap base and to place the Java Heap above 4GB virtual address.
# This output file may be truncated or incomplete.
#
#  Out of Memory Error (arena.cpp:168), pid=25752, tid=19568
#
# JRE version: OpenJDK Runtime Environment Temurin-21.0.10+7 (21.0.10+7) (build 21.0.10+7-LTS)
# Java VM: OpenJDK 64-Bit Server VM Temurin-21.0.10+7 (21.0.10+7-LTS, mixed mode, sharing, tiered, compressed oops, compressed class ptrs, g1 gc, windows-amd64)
# No core dump will be written. Minidumps are not enabled by default on client versions of Windows
#

---------------  S U M M A R Y ------------

Command Line: --add-opens=java.base/java.lang=ALL-UNNAMED --add-opens=java.base/java.lang.invoke=ALL-UNNAMED --add-opens=java.base/java.util=ALL-UNNAMED --add-opens=java.prefs/java.util.prefs=ALL-UNNAMED --add-exports=jdk.compiler/com.sun.tools.javac.api=ALL-UNNAMED --add-exports=jdk.compiler/com.sun.tools.javac.util=ALL-UNNAMED --add-opens=java.base/java.util=ALL-UNNAMED --add-opens=java.prefs/java.util.prefs=ALL-UNNAMED --add-opens=java.base/java.nio.charset=ALL-UNNAMED --add-opens=java.base/java.net=ALL-UNNAMED --add-opens=java.base/java.util.concurrent.atomic=ALL-UNNAMED --add-opens=java.xml/javax.xml.namespace=ALL-UNNAMED -Xmx2048m -Dfile.encoding=UTF-8 -Duser.country=US -Duser.language=en -Duser.variant -javaagent:C:\Users\user\.gradle\wrapper\dists\gradle-8.13-bin\5xuhj0ry160q40clulazy9h7d\gradle-8.13\lib\agents\gradle-instrumentation-agent-8.13.jar org.gradle.launcher.daemon.bootstrap.GradleDaemon 8.13

Host: AMD Ryzen 7 6800H with Radeon Graphics         , 16 cores, 15G,  Windows 11 , 64 bit Build 26100 (10.0.26100.7705)
Time: Sat Feb 28 19:22:45 2026 Nepal Standard Time elapsed time: 13.820105 seconds (0d 0h 0m 13s)

---------------  T H R E A D  ---------------

Current thread (0x000002157e2e8db0):  JavaThread "C2 CompilerThread2" daemon [_thread_in_native, id=19568, stack(0x0000003c18300000,0x0000003c18400000) (1024K)]


Current CompileTask:
C2:13820 3840       4       java.net.URLClassLoader$1::run (5 bytes)

Stack: [0x0000003c18300000,0x0000003c18400000]
Native frames: (J=compiled Java code, j=interpreted, Vv=VM code, C=native code)
V  [jvm.dll+0x6d7a39]
V  [jvm.dll+0x8b4b26]
V  [jvm.dll+0x8b70de]
V  [jvm.dll+0x8b77c3]
V  [jvm.dll+0x284346]
V  [jvm.dll+0xc66ed]
V  [jvm.dll+0xc6c31]
V  [jvm.dll+0x3bec01]
V  [jvm.dll+0x38b162]
V  [jvm.dll+0x38a5aa]
V  [jvm.dll+0x24c560]
V  [jvm.dll+0x24bb40]
V  [jvm.dll+0x1cb34e]
V  [jvm.dll+0x25b85d]
V  [jvm.dll+0x259dea]
V  [jvm.dll+0x3f857e]
V  [jvm.dll+0x85f59d]
V  [jvm.dll+0x6d626d]
C  [ucrtbase.dll+0x37b0]
C  [KERNEL32.DLL+0x2e8d7]
C  [ntdll.dll+0x8c40c]


---------------  P R O C E S S  ---------------

Threads class SMR info:
_java_thread_list=0x000002157f5934f0, length=35, elements={
0x000002156609cc10, 0x000002157e2c59e0, 0x000002157e2c6fb0, 0x000002157e2c9460,
0x000002157e2ca270, 0x000002157e2cb840, 0x000002157e2ccf40, 0x000002157e2da650,
0x000002157e2e64d0, 0x000002157e2e8010, 0x000002157e576450, 0x000002157e602410,
0x000002157e2e86e0, 0x000002157fe210c0, 0x00000215451f2900, 0x00000215453197f0,
0x0000021545279f40, 0x000002154527a5b0, 0x0000021545252950, 0x000002154524fb60,
0x000002154524f4d0, 0x00000215452501f0, 0x0000021545250880, 0x00000215452522c0,
0x0000021545250f10, 0x00000215452515a0, 0x000002157e2e8db0, 0x000002157e2e7270,
0x000002157e2e7940, 0x000002154690dfc0, 0x000002154690fa00, 0x000002154690cc10,
0x000002154690e650, 0x000002154690d930, 0x0000021546912160
}

Java Threads: ( => current thread )
  0x000002156609cc10 JavaThread "main"                              [_thread_blocked, id=1556, stack(0x0000003c17200000,0x0000003c17300000) (1024K)]
  0x000002157e2c59e0 JavaThread "Reference Handler"          daemon [_thread_blocked, id=30796, stack(0x0000003c17a00000,0x0000003c17b00000) (1024K)]
  0x000002157e2c6fb0 JavaThread "Finalizer"                  daemon [_thread_blocked, id=27936, stack(0x0000003c17b00000,0x0000003c17c00000) (1024K)]
  0x000002157e2c9460 JavaThread "Signal Dispatcher"          daemon [_thread_blocked, id=34696, stack(0x0000003c17c00000,0x0000003c17d00000) (1024K)]
  0x000002157e2ca270 JavaThread "Attach Listener"            daemon [_thread_blocked, id=16352, stack(0x0000003c17d00000,0x0000003c17e00000) (1024K)]
  0x000002157e2cb840 JavaThread "Service Thread"             daemon [_thread_blocked, id=19236, stack(0x0000003c17e00000,0x0000003c17f00000) (1024K)]
  0x000002157e2ccf40 JavaThread "Monitor Deflation Thread"   daemon [_thread_blocked, id=11640, stack(0x0000003c17f00000,0x0000003c18000000) (1024K)]
  0x000002157e2da650 JavaThread "C2 CompilerThread0"         daemon [_thread_in_native, id=36364, stack(0x0000003c18000000,0x0000003c18100000) (1024K)]
  0x000002157e2e64d0 JavaThread "C1 CompilerThread0"         daemon [_thread_blocked, id=30472, stack(0x0000003c18100000,0x0000003c18200000) (1024K)]
  0x000002157e2e8010 JavaThread "C1 CompilerThread1"         daemon [_thread_blocked, id=15216, stack(0x0000003c18200000,0x0000003c18300000) (1024K)]
  0x000002157e576450 JavaThread "Common-Cleaner"             daemon [_thread_blocked, id=11656, stack(0x0000003c18400000,0x0000003c18500000) (1024K)]
  0x000002157e602410 JavaThread "Notification Thread"        daemon [_thread_blocked, id=29368, stack(0x0000003c18500000,0x0000003c18600000) (1024K)]
  0x000002157e2e86e0 JavaThread "C2 CompilerThread1"         daemon [_thread_in_native, id=34340, stack(0x0000003c18600000,0x0000003c18700000) (1024K)]
  0x000002157fe210c0 JavaThread "Daemon health stats"               [_thread_blocked, id=11272, stack(0x0000003c18800000,0x0000003c18900000) (1024K)]
  0x00000215451f2900 JavaThread "Incoming local TCP Connector on port 65264"        [_thread_in_native, id=24344, stack(0x0000003c18700000,0x0000003c18800000) (1024K)]
  0x00000215453197f0 JavaThread "Daemon periodic checks"            [_thread_in_native, id=17936, stack(0x0000003c19100000,0x0000003c19200000) (1024K)]
  0x0000021545279f40 JavaThread "Daemon"                            [_thread_blocked, id=29052, stack(0x0000003c19200000,0x0000003c19300000) (1024K)]
  0x000002154527a5b0 JavaThread "Handler for socket connection from /127.0.0.1:65264 to /127.0.0.1:65265"        [_thread_in_native, id=23648, stack(0x0000003c19300000,0x0000003c19400000) (1024K)]
  0x0000021545252950 JavaThread "Cancel handler"                    [_thread_blocked, id=11996, stack(0x0000003c19400000,0x0000003c19500000) (1024K)]
  0x000002154524fb60 JavaThread "Daemon worker"                     [_thread_in_vm, id=26592, stack(0x0000003c19500000,0x0000003c19600000) (1024K)]
  0x000002154524f4d0 JavaThread "Asynchronous log dispatcher for DefaultDaemonConnection: socket connection from /127.0.0.1:65264 to /127.0.0.1:65265"        [_thread_blocked, id=8924, stack(0x0000003c19600000,0x0000003c19700000) (1024K)]
  0x00000215452501f0 JavaThread "Stdin handler"                     [_thread_blocked, id=24040, stack(0x0000003c19700000,0x0000003c19800000) (1024K)]
  0x0000021545250880 JavaThread "Daemon client event forwarder"        [_thread_blocked, id=35272, stack(0x0000003c19800000,0x0000003c19900000) (1024K)]
  0x00000215452522c0 JavaThread "Cache worker for journal cache (C:\Users\user\.gradle\caches\journal-1)"        [_thread_blocked, id=9748, stack(0x0000003c19900000,0x0000003c19a00000) (1024K)]
  0x0000021545250f10 JavaThread "File lock request listener"        [_thread_in_native, id=22512, stack(0x0000003c19a00000,0x0000003c19b00000) (1024K)]
  0x00000215452515a0 JavaThread "Cache worker for file hash cache (C:\Users\user\.gradle\caches\8.13\fileHashes)"        [_thread_blocked, id=19408, stack(0x0000003c19b00000,0x0000003c19c00000) (1024K)]
=>0x000002157e2e8db0 JavaThread "C2 CompilerThread2"         daemon [_thread_in_native, id=19568, stack(0x0000003c18300000,0x0000003c18400000) (1024K)]
  0x000002157e2e7270 JavaThread "C2 CompilerThread3"         daemon [_thread_in_native, id=12740, stack(0x0000003c19d00000,0x0000003c19e00000) (1024K)]
  0x000002157e2e7940 JavaThread "C1 CompilerThread2"         daemon [_thread_blocked, id=11116, stack(0x0000003c1a400000,0x0000003c1a500000) (1024K)]
  0x000002154690dfc0 JavaThread "Cache worker for file hash cache (C:\Users\user\AndroidStudioProjects\SmartBite\.gradle\8.13\fileHashes)"        [_thread_blocked, id=14740, stack(0x0000003c1a500000,0x0000003c1a600000) (1024K)]
  0x000002154690fa00 JavaThread "Cache worker for Build Output Cleanup Cache (C:\Users\user\AndroidStudioProjects\SmartBite\.gradle\buildOutputCleanup)"        [_thread_blocked, id=33108, stack(0x0000003c1a600000,0x0000003c1a700000) (1024K)]
  0x000002154690cc10 JavaThread "File watcher server"        daemon [_thread_in_native, id=19396, stack(0x0000003c1a700000,0x0000003c1a800000) (1024K)]
  0x000002154690e650 JavaThread "File watcher consumer"      daemon [_thread_blocked, id=21856, stack(0x0000003c1a800000,0x0000003c1a900000) (1024K)]
  0x000002154690d930 JavaThread "jar transforms"                    [_thread_blocked, id=30244, stack(0x0000003c1a900000,0x0000003c1aa00000) (1024K)]
  0x0000021546912160 JavaThread "jar transforms Thread 2"           [_thread_blocked, id=29760, stack(0x0000003c1aa00000,0x0000003c1ab00000) (1024K)]
Total: 35

Other Threads:
  0x000002157e2a3df0 VMThread "VM Thread"                           [id=22372, stack(0x0000003c17900000,0x0000003c17a00000) (1024K)]
  0x000002157e3819e0 WatcherThread "VM Periodic Task Thread"        [id=35820, stack(0x0000003c17800000,0x0000003c17900000) (1024K)]
  0x00000215660f6c30 WorkerThread "GC Thread#0"                     [id=36084, stack(0x0000003c17300000,0x0000003c17400000) (1024K)]
  0x000002157e2a4550 WorkerThread "GC Thread#1"                     [id=19164, stack(0x0000003c18900000,0x0000003c18a00000) (1024K)]
  0x000002157e2a4900 WorkerThread "GC Thread#2"                     [id=25964, stack(0x0000003c18a00000,0x0000003c18b00000) (1024K)]
  0x000002157e2a4cb0 WorkerThread "GC Thread#3"                     [id=9404, stack(0x0000003c18b00000,0x0000003c18c00000) (1024K)]
  0x000002157e2a32e0 WorkerThread "GC Thread#4"                     [id=26908, stack(0x0000003c18c00000,0x0000003c18d00000) (1024K)]
  0x000002157f3dd150 WorkerThread "GC Thread#5"                     [id=12764, stack(0x0000003c18d00000,0x0000003c18e00000) (1024K)]
  0x000002157f3e0140 WorkerThread "GC Thread#6"                     [id=34084, stack(0x0000003c18e00000,0x0000003c18f00000) (1024K)]
  0x000002157f3de770 WorkerThread "GC Thread#7"                     [id=14608, stack(0x0000003c18f00000,0x0000003c19000000) (1024K)]
  0x000002157f3dd500 WorkerThread "GC Thread#8"                     [id=33116, stack(0x0000003c19000000,0x0000003c19100000) (1024K)]
  0x0000021549c45850 WorkerThread "GC Thread#9"                     [id=30504, stack(0x0000003c19e00000,0x0000003c19f00000) (1024K)]
  0x0000021549c445e0 WorkerThread "GC Thread#10"                    [id=32048, stack(0x0000003c19f00000,0x0000003c1a000000) (1024K)]
  0x0000021549c47220 WorkerThread "GC Thread#11"                    [id=1996, stack(0x0000003c1a000000,0x0000003c1a100000) (1024K)]
  0x0000021549c46360 WorkerThread "GC Thread#12"                    [id=25076, stack(0x0000003c1a100000,0x0000003c1a200000) (1024K)]
  0x0000021566107b30 ConcurrentGCThread "G1 Main Marker"            [id=3276, stack(0x0000003c17400000,0x0000003c17500000) (1024K)]
  0x000002156610aa20 WorkerThread "G1 Conc#0"                       [id=8936, stack(0x0000003c17500000,0x0000003c17600000) (1024K)]
  0x0000021549c45c00 WorkerThread "G1 Conc#1"                       [id=30700, stack(0x0000003c1a200000,0x0000003c1a300000) (1024K)]
  0x0000021549c44d40 WorkerThread "G1 Conc#2"                       [id=1952, stack(0x0000003c1a300000,0x0000003c1a400000) (1024K)]
  0x000002157e1e2f20 ConcurrentGCThread "G1 Refine#0"               [id=17472, stack(0x0000003c17600000,0x0000003c17700000) (1024K)]
  0x000002157e1e3360 ConcurrentGCThread "G1 Service"                [id=16008, stack(0x0000003c17700000,0x0000003c17800000) (1024K)]
Total: 21

Threads with active compile tasks:
C2 CompilerThread0  13877 3841   !   4       java.net.URLClassLoader$1::run (81 bytes)
C2 CompilerThread1  13877 3814   !   4       java.net.URLClassLoader::findClass (47 bytes)
C2 CompilerThread2  13877 3840       4       java.net.URLClassLoader$1::run (5 bytes)
C2 CompilerThread3  13877 3812   !   4       java.lang.ClassLoader::loadClass (121 bytes)
Total: 4

VM state: not at safepoint (normal execution)

VM Mutex/Monitor currently owned by a thread: None

Heap address: 0x0000000080000000, size: 2048 MB, Compressed Oops mode: 32-bit

CDS archive(s) mapped at: [0x0000021500000000-0x0000021500ba0000-0x0000021500ba0000), size 12189696, SharedBaseAddress: 0x0000021500000000, ArchiveRelocationMode: 1.
Compressed class space mapped at: 0x0000021501000000-0x0000021541000000, reserved size: 1073741824
Narrow klass base: 0x0000021500000000, Narrow klass shift: 0, Narrow klass range: 0x100000000

GC Precious Log:
 CardTable entry size: 512
 Card Set container configuration: InlinePtr #cards 5 size 8 Array Of Cards #cards 12 size 40 Howl #buckets 4 coarsen threshold 1843 Howl Bitmap #cards 512 size 80 coarsen threshold 460 Card regions per heap region 1 cards per card region 2048
 CPUs: 16 total, 16 available
 Memory: 15613M
 Large Page Support: Disabled
 NUMA Support: Disabled
 Compressed Oops: Enabled (32-bit)
 Heap Region Size: 1M
 Heap Min Capacity: 8M
 Heap Initial Capacity: 244M
 Heap Max Capacity: 2G
 Pre-touch: Disabled
 Parallel Workers: 13
 Concurrent Workers: 3
 Concurrent Refinement Workers: 13
 Periodic GC: Disabled

Heap:
 garbage-first heap   total 98304K, used 29965K [0x0000000080000000, 0x0000000100000000)
  region size 1024K, 13 young (13312K), 10 survivors (10240K)
 Metaspace       used 29020K, committed 30016K, reserved 1114112K
  class space    used 4400K, committed 4864K, reserved 1048576K

Heap Regions: E=young(eden), S=young(survivor), O=old, HS=humongous(starts), HC=humongous(continues), CS=collection set, F=free, TAMS=top-at-mark-start, PB=parsable bottom
|   0|0x0000000080000000, 0x0000000080100000, 0x0000000080100000|100%|HS|  |TAMS 0x0000000080000000| PB 0x0000000080000000| Complete 
|   1|0x0000000080100000, 0x0000000080200000, 0x0000000080200000|100%|HC|  |TAMS 0x0000000080100000| PB 0x0000000080100000| Complete 
|   2|0x0000000080200000, 0x0000000080300000, 0x0000000080300000|100%|HC|  |TAMS 0x0000000080200000| PB 0x0000000080200000| Complete 
|   3|0x0000000080300000, 0x0000000080400000, 0x0000000080400000|100%| O|  |TAMS 0x0000000080300000| PB 0x0000000080300000| Untracked 
|   4|0x0000000080400000, 0x0000000080500000, 0x0000000080500000|100%| O|  |TAMS 0x0000000080400000| PB 0x0000000080400000| Untracked 
|   5|0x0000000080500000, 0x0000000080600000, 0x0000000080600000|100%| O|  |TAMS 0x0000000080500000| PB 0x0000000080500000| Untracked 
|   6|0x0000000080600000, 0x0000000080700000, 0x0000000080700000|100%|HS|  |TAMS 0x0000000080600000| PB 0x0000000080600000| Complete 
|   7|0x0000000080700000, 0x0000000080700000, 0x0000000080800000|  0%| F|  |TAMS 0x0000000080700000| PB 0x0000000080700000| Untracked 
|   8|0x0000000080800000, 0x0000000080900000, 0x0000000080900000|100%| O|  |TAMS 0x0000000080800000| PB 0x0000000080800000| Untracked 
|   9|0x0000000080900000, 0x0000000080a00000, 0x0000000080a00000|100%| O|  |TAMS 0x0000000080900000| PB 0x0000000080900000| Untracked 
|  10|0x0000000080a00000, 0x0000000080b00000, 0x0000000080b00000|100%| O|  |TAMS 0x0000000080a00000| PB 0x0000000080a00000| Untracked 
|  11|0x0000000080b00000, 0x0000000080c00000, 0x0000000080c00000|100%| O|  |TAMS 0x0000000080b00000| PB 0x0000000080b00000| Untracked 
|  12|0x0000000080c00000, 0x0000000080c994a8, 0x0000000080d00000| 59%| O|Cm|TAMS 0x0000000080c00000| PB 0x0000000080c00000| Complete 
|  13|0x0000000080d00000, 0x0000000080d00000, 0x0000000080e00000|  0%| F|  |TAMS 0x0000000080d00000| PB 0x0000000080d00000| Untracked 
|  14|0x0000000080e00000, 0x0000000080e00000, 0x0000000080f00000|  0%| F|  |TAMS 0x0000000080e00000| PB 0x0000000080e00000| Untracked 
|  15|0x0000000080f00000, 0x0000000080f00000, 0x0000000081000000|  0%| F|  |TAMS 0x0000000080f00000| PB 0x0000000080f00000| Untracked 
|  16|0x0000000081000000, 0x0000000081000000, 0x0000000081100000|  0%| F|  |TAMS 0x0000000081000000| PB 0x0000000081000000| Untracked 
|  17|0x0000000081100000, 0x0000000081100000, 0x0000000081200000|  0%| F|  |TAMS 0x0000000081100000| PB 0x0000000081100000| Untracked 
|  18|0x0000000081200000, 0x0000000081200000, 0x0000000081300000|  0%| F|  |TAMS 0x0000000081200000| PB 0x0000000081200000| Untracked 
|  19|0x0000000081300000, 0x0000000081300000, 0x0000000081400000|  0%| F|  |TAMS 0x0000000081300000| PB 0x0000000081300000| Untracked 
|  20|0x0000000081400000, 0x0000000081400000, 0x0000000081500000|  0%| F|  |TAMS 0x0000000081400000| PB 0x0000000081400000| Untracked 
|  21|0x0000000081500000, 0x0000000081500000, 0x0000000081600000|  0%| F|  |TAMS 0x0000000081500000| PB 0x0000000081500000| Untracked 
|  22|0x0000000081600000, 0x0000000081600000, 0x0000000081700000|  0%| F|  |TAMS 0x0000000081600000| PB 0x0000000081600000| Untracked 
|  23|0x0000000081700000, 0x0000000081700000, 0x0000000081800000|  0%| F|  |TAMS 0x0000000081700000| PB 0x0000000081700000| Untracked 
|  24|0x0000000081800000, 0x0000000081800000, 0x0000000081900000|  0%| F|  |TAMS 0x0000000081800000| PB 0x0000000081800000| Untracked 
|  25|0x0000000081900000, 0x0000000081900000, 0x0000000081a00000|  0%| F|  |TAMS 0x0000000081900000| PB 0x0000000081900000| Untracked 
|  26|0x0000000081a00000, 0x0000000081a00000, 0x0000000081b00000|  0%| F|  |TAMS 0x0000000081a00000| PB 0x0000000081a00000| Untracked 
|  27|0x0000000081b00000, 0x0000000081b00000, 0x0000000081c00000|  0%| F|  |TAMS 0x0000000081b00000| PB 0x0000000081b00000| Untracked 
|  28|0x0000000081c00000, 0x0000000081c00000, 0x0000000081d00000|  0%| F|  |TAMS 0x0000000081c00000| PB 0x0000000081c00000| Untracked 
|  29|0x0000000081d00000, 0x0000000081d00000, 0x0000000081e00000|  0%| F|  |TAMS 0x0000000081d00000| PB 0x0000000081d00000| Untracked 
|  30|0x0000000081e00000, 0x0000000081e00000, 0x0000000081f00000|  0%| F|  |TAMS 0x0000000081e00000| PB 0x0000000081e00000| Untracked 
|  31|0x0000000081f00000, 0x0000000081f00000, 0x0000000082000000|  0%| F|  |TAMS 0x0000000081f00000| PB 0x0000000081f00000| Untracked 
|  32|0x0000000082000000, 0x0000000082000000, 0x0000000082100000|  0%| F|  |TAMS 0x0000000082000000| PB 0x0000000082000000| Untracked 
|  33|0x0000000082100000, 0x0000000082100000, 0x0000000082200000|  0%| F|  |TAMS 0x0000000082100000| PB 0x0000000082100000| Untracked 
|  34|0x0000000082200000, 0x0000000082200000, 0x0000000082300000|  0%| F|  |TAMS 0x0000000082200000| PB 0x0000000082200000| Untracked 
|  35|0x0000000082300000, 0x0000000082300000, 0x0000000082400000|  0%| F|  |TAMS 0x0000000082300000| PB 0x0000000082300000| Untracked 
|  36|0x0000000082400000, 0x0000000082400000, 0x0000000082500000|  0%| F|  |TAMS 0x0000000082400000| PB 0x0000000082400000| Untracked 
|  37|0x0000000082500000, 0x0000000082500000, 0x0000000082600000|  0%| F|  |TAMS 0x0000000082500000| PB 0x0000000082500000| Untracked 
|  38|0x0000000082600000, 0x0000000082600000, 0x0000000082700000|  0%| F|  |TAMS 0x0000000082600000| PB 0x0000000082600000| Untracked 
|  39|0x0000000082700000, 0x0000000082700000, 0x0000000082800000|  0%| F|  |TAMS 0x0000000082700000| PB 0x0000000082700000| Untracked 
|  40|0x0000000082800000, 0x0000000082800000, 0x0000000082900000|  0%| F|  |TAMS 0x0000000082800000| PB 0x0000000082800000| Untracked 
|  41|0x0000000082900000, 0x0000000082900000, 0x0000000082a00000|  0%| F|  |TAMS 0x0000000082900000| PB 0x0000000082900000| Untracked 
|  42|0x0000000082a00000, 0x0000000082a00000, 0x0000000082b00000|  0%| F|  |TAMS 0x0000000082a00000| PB 0x0000000082a00000| Untracked 
|  43|0x0000000082b00000, 0x0000000082b00000, 0x0000000082c00000|  0%| F|  |TAMS 0x0000000082b00000| PB 0x0000000082b00000| Untracked 
|  44|0x0000000082c00000, 0x0000000082c00000, 0x0000000082d00000|  0%| F|  |TAMS 0x0000000082c00000| PB 0x0000000082c00000| Untracked 
|  45|0x0000000082d00000, 0x0000000082d00000, 0x0000000082e00000|  0%| F|  |TAMS 0x0000000082d00000| PB 0x0000000082d00000| Untracked 
|  46|0x0000000082e00000, 0x0000000082e00000, 0x0000000082f00000|  0%| F|  |TAMS 0x0000000082e00000| PB 0x0000000082e00000| Untracked 
|  47|0x0000000082f00000, 0x0000000082f00000, 0x0000000083000000|  0%| F|  |TAMS 0x0000000082f00000| PB 0x0000000082f00000| Untracked 
|  48|0x0000000083000000, 0x0000000083000000, 0x0000000083100000|  0%| F|  |TAMS 0x0000000083000000| PB 0x0000000083000000| Untracked 
|  49|0x0000000083100000, 0x0000000083100000, 0x0000000083200000|  0%| F|  |TAMS 0x0000000083100000| PB 0x0000000083100000| Untracked 
|  50|0x0000000083200000, 0x0000000083200000, 0x0000000083300000|  0%| F|  |TAMS 0x0000000083200000| PB 0x0000000083200000| Untracked 
|  51|0x0000000083300000, 0x0000000083300000, 0x0000000083400000|  0%| F|  |TAMS 0x0000000083300000| PB 0x0000000083300000| Untracked 
|  52|0x0000000083400000, 0x0000000083400000, 0x0000000083500000|  0%| F|  |TAMS 0x0000000083400000| PB 0x0000000083400000| Untracked 
|  53|0x0000000083500000, 0x0000000083500000, 0x0000000083600000|  0%| F|  |TAMS 0x0000000083500000| PB 0x0000000083500000| Untracked 
|  54|0x0000000083600000, 0x0000000083600000, 0x0000000083700000|  0%| F|  |TAMS 0x0000000083600000| PB 0x0000000083600000| Untracked 
|  55|0x0000000083700000, 0x0000000083700000, 0x0000000083800000|  0%| F|  |TAMS 0x0000000083700000| PB 0x0000000083700000| Untracked 
|  56|0x0000000083800000, 0x0000000083800000, 0x0000000083900000|  0%| F|  |TAMS 0x0000000083800000| PB 0x0000000083800000| Untracked 
|  57|0x0000000083900000, 0x0000000083900000, 0x0000000083a00000|  0%| F|  |TAMS 0x0000000083900000| PB 0x0000000083900000| Untracked 
|  58|0x0000000083a00000, 0x0000000083a00000, 0x0000000083b00000|  0%| F|  |TAMS 0x0000000083a00000| PB 0x0000000083a00000| Untracked 
|  59|0x0000000083b00000, 0x0000000083b00000, 0x0000000083c00000|  0%| F|  |TAMS 0x0000000083b00000| PB 0x0000000083b00000| Untracked 
|  60|0x0000000083c00000, 0x0000000083c00000, 0x0000000083d00000|  0%| F|  |TAMS 0x0000000083c00000| PB 0x0000000083c00000| Untracked 
|  61|0x0000000083d00000, 0x0000000083d00000, 0x0000000083e00000|  0%| F|  |TAMS 0x0000000083d00000| PB 0x0000000083d00000| Untracked 
|  62|0x0000000083e00000, 0x0000000083e00000, 0x0000000083f00000|  0%| F|  |TAMS 0x0000000083e00000| PB 0x0000000083e00000| Untracked 
|  63|0x0000000083f00000, 0x0000000083f00000, 0x0000000084000000|  0%| F|  |TAMS 0x0000000083f00000| PB 0x0000000083f00000| Untracked 
|  64|0x0000000084000000, 0x0000000084000000, 0x0000000084100000|  0%| F|  |TAMS 0x0000000084000000| PB 0x0000000084000000| Untracked 
|  65|0x0000000084100000, 0x0000000084100000, 0x0000000084200000|  0%| F|  |TAMS 0x0000000084100000| PB 0x0000000084100000| Untracked 
|  66|0x0000000084200000, 0x0000000084300000, 0x0000000084300000|100%| S|CS|TAMS 0x0000000084200000| PB 0x0000000084200000| Complete 
|  67|0x0000000084300000, 0x0000000084400000, 0x0000000084400000|100%| S|CS|TAMS 0x0000000084300000| PB 0x0000000084300000| Complete 
|  68|0x0000000084400000, 0x0000000084500000, 0x0000000084500000|100%| S|CS|TAMS 0x0000000084400000| PB 0x0000000084400000| Complete 
|  69|0x0000000084500000, 0x0000000084600000, 0x0000000084600000|100%| S|CS|TAMS 0x0000000084500000| PB 0x0000000084500000| Complete 
|  70|0x0000000084600000, 0x0000000084700000, 0x0000000084700000|100%| S|CS|TAMS 0x0000000084600000| PB 0x0000000084600000| Complete 
|  71|0x0000000084700000, 0x0000000084800000, 0x0000000084800000|100%| S|CS|TAMS 0x0000000084700000| PB 0x0000000084700000| Complete 
|  72|0x0000000084800000, 0x0000000084900000, 0x0000000084900000|100%| S|CS|TAMS 0x0000000084800000| PB 0x0000000084800000| Complete 
|  73|0x0000000084900000, 0x0000000084a00000, 0x0000000084a00000|100%| S|CS|TAMS 0x0000000084900000| PB 0x0000000084900000| Complete 
|  74|0x0000000084a00000, 0x0000000084b00000, 0x0000000084b00000|100%| S|CS|TAMS 0x0000000084a00000| PB 0x0000000084a00000| Complete 
|  75|0x0000000084b00000, 0x0000000084bf9fc0, 0x0000000084c00000| 97%| S|CS|TAMS 0x0000000084b00000| PB 0x0000000084b00000| Complete 
| 144|0x0000000089000000, 0x0000000089000000, 0x0000000089100000|  0%| F|  |TAMS 0x0000000089000000| PB 0x0000000089000000| Untracked 
| 145|0x0000000089100000, 0x0000000089100000, 0x0000000089200000|  0%| F|  |TAMS 0x0000000089100000| PB 0x0000000089100000| Untracked 
| 146|0x0000000089200000, 0x0000000089200000, 0x0000000089300000|  0%| F|  |TAMS 0x0000000089200000| PB 0x0000000089200000| Untracked 
| 147|0x0000000089300000, 0x0000000089300000, 0x0000000089400000|  0%| F|  |TAMS 0x0000000089300000| PB 0x0000000089300000| Untracked 
| 148|0x0000000089400000, 0x0000000089400000, 0x0000000089500000|  0%| F|  |TAMS 0x0000000089400000| PB 0x0000000089400000| Untracked 
| 149|0x0000000089500000, 0x0000000089500000, 0x0000000089600000|  0%| F|  |TAMS 0x0000000089500000| PB 0x0000000089500000| Untracked 
| 150|0x0000000089600000, 0x0000000089600000, 0x0000000089700000|  0%| F|  |TAMS 0x0000000089600000| PB 0x0000000089600000| Untracked 
| 151|0x0000000089700000, 0x0000000089700000, 0x0000000089800000|  0%| F|  |TAMS 0x0000000089700000| PB 0x0000000089700000| Untracked 
| 152|0x0000000089800000, 0x0000000089800000, 0x0000000089900000|  0%| F|  |TAMS 0x0000000089800000| PB 0x0000000089800000| Untracked 
| 153|0x0000000089900000, 0x0000000089900000, 0x0000000089a00000|  0%| F|  |TAMS 0x0000000089900000| PB 0x0000000089900000| Untracked 
| 154|0x0000000089a00000, 0x0000000089a00000, 0x0000000089b00000|  0%| F|  |TAMS 0x0000000089a00000| PB 0x0000000089a00000| Untracked 
| 155|0x0000000089b00000, 0x0000000089c00000, 0x0000000089c00000|100%| E|  |TAMS 0x0000000089b00000| PB 0x0000000089b00000| Complete 
| 242|0x000000008f200000, 0x000000008f300000, 0x000000008f300000|100%| E|CS|TAMS 0x000000008f200000| PB 0x000000008f200000| Complete 
| 243|0x000000008f300000, 0x000000008f400000, 0x000000008f400000|100%| E|CS|TAMS 0x000000008f300000| PB 0x000000008f300000| Complete 
|2042|0x00000000ffa00000, 0x00000000ffab0250, 0x00000000ffb00000| 68%| O|  |TAMS 0x00000000ffa00000| PB 0x00000000ffa00000| Untracked 
|2043|0x00000000ffb00000, 0x00000000ffc00000, 0x00000000ffc00000|100%| O|  |TAMS 0x00000000ffb00000| PB 0x00000000ffb00000| Untracked 
|2044|0x00000000ffc00000, 0x00000000ffd00000, 0x00000000ffd00000|100%| O|  |TAMS 0x00000000ffc00000| PB 0x00000000ffc00000| Untracked 
|2045|0x00000000ffd00000, 0x00000000ffe00000, 0x00000000ffe00000|100%| O|  |TAMS 0x00000000ffd00000| PB 0x00000000ffd00000| Untracked 
|2046|0x00000000ffe00000, 0x00000000fff00000, 0x00000000fff00000|100%| O|  |TAMS 0x00000000ffe00000| PB 0x00000000ffe00000| Untracked 
|2047|0x00000000fff00000, 0x0000000100000000, 0x0000000100000000|100%| O|  |TAMS 0x00000000fff00000| PB 0x00000000fff00000| Untracked 

Card table byte_map: [0x0000021578f20000,0x0000021579320000] _byte_map_base: 0x0000021578b20000

Marking Bits: (CMBitMap*) 0x00000215660f7250
 Bits: [0x0000021579320000, 0x000002157b320000)

Polling page: 0x0000021563f00000

Metaspace:

Usage:
  Non-class:     24.06 MB used.
      Class:      4.30 MB used.
       Both:     28.36 MB used.

Virtual space:
  Non-class space:       64.00 MB reserved,      24.56 MB ( 38%) committed,  1 nodes.
      Class space:        1.00 GB reserved,       4.75 MB ( <1%) committed,  1 nodes.
             Both:        1.06 GB reserved,      29.31 MB (  3%) committed. 

Chunk freelists:
   Non-Class:  7.10 MB
       Class:  11.09 MB
        Both:  18.19 MB

MaxMetaspaceSize: unlimited
CompressedClassSpaceSize: 1.00 GB
Initial GC threshold: 21.00 MB
Current GC threshold: 35.12 MB
CDS: on
 - commit_granule_bytes: 65536.
 - commit_granule_words: 8192.
 - virtual_space_node_default_size: 8388608.
 - enlarge_chunks_in_place: 1.
 - use_allocation_guard: 0.


Internal statistics:

num_allocs_failed_limit: 3.
num_arena_births: 1600.
num_arena_deaths: 0.
num_vsnodes_births: 2.
num_vsnodes_deaths: 0.
num_space_committed: 469.
num_space_uncommitted: 0.
num_chunks_returned_to_freelist: 3.
num_chunks_taken_from_freelist: 2927.
num_chunk_merges: 3.
num_chunk_splits: 1860.
num_chunks_enlarged: 1154.
num_inconsistent_stats: 0.

CodeHeap 'non-profiled nmethods': size=119168Kb used=2206Kb max_used=2206Kb free=116961Kb
 bounds [0x0000021570e40000, 0x00000215710b0000, 0x00000215782a0000]
CodeHeap 'profiled nmethods': size=119104Kb used=7980Kb max_used=7980Kb free=111123Kb
 bounds [0x00000215692a0000, 0x0000021569a70000, 0x00000215706f0000]
CodeHeap 'non-nmethods': size=7488Kb used=2564Kb max_used=2994Kb free=4923Kb
 bounds [0x00000215706f0000, 0x00000215709f0000, 0x0000021570e40000]
CodeCache: size=245760Kb, used=12750Kb, max_used=13180Kb, free=233007Kb
 total_blobs=4466, nmethods=3874, adapters=494, full_count=0
Compilation: enabled, stopped_count=0, restarted_count=0

Compilation events (20 events):
Event: 12.777 Thread 0x000002157e2e7940 3882       3       java.lang.PublicMethods$Key::<init> (24 bytes)
Event: 12.777 Thread 0x000002157e2e64d0 nmethod 3880 0x0000021569a67390 code [0x0000021569a67540, 0x0000021569a676f8]
Event: 12.778 Thread 0x000002157e2e7940 nmethod 3882 0x0000021569a67810 code [0x0000021569a679e0, 0x0000021569a67d18]
Event: 12.778 Thread 0x000002157e2e64d0 3883       3       java.lang.PublicMethods$MethodList::merge (192 bytes)
Event: 12.778 Thread 0x000002157e2e8010 nmethod 3881 0x0000021569a67e90 code [0x0000021569a680e0, 0x0000021569a68a98]
Event: 12.779 Thread 0x000002157e2e64d0 nmethod 3883 0x0000021569a68e90 code [0x0000021569a69100, 0x0000021569a69b70]
Event: 12.780 Thread 0x000002157e2e64d0 3884       1       java.lang.ClassValue$ClassValueMap::getCache (5 bytes)
Event: 12.780 Thread 0x000002157e2e64d0 nmethod 3884 0x0000021571066e90 code [0x0000021571067020, 0x00000215710670e8]
Event: 12.781 Thread 0x000002157e2e8010 3886       3       org.codehaus.groovy.util.LockableObject::<init> (5 bytes)
Event: 12.781 Thread 0x000002157e2e8010 nmethod 3886 0x0000021569a69f10 code [0x0000021569a6a0c0, 0x0000021569a6a2e8]
Event: 12.781 Thread 0x000002157e2e8010 3887       3       org.codehaus.groovy.util.LazyReference::<init> (17 bytes)
Event: 12.782 Thread 0x000002157e2e8010 nmethod 3887 0x0000021569a6a410 code [0x0000021569a6a5e0, 0x0000021569a6a928]
Event: 12.783 Thread 0x000002157e2e64d0 3888       3       org.codehaus.groovy.util.LazyReference::get (44 bytes)
Event: 12.784 Thread 0x000002157e2e64d0 nmethod 3888 0x0000021569a6aa90 code [0x0000021569a6ac80, 0x0000021569a6b060]
Event: 12.787 Thread 0x000002157e2e8010 3889       1       org.codehaus.groovy.util.ReferenceManager::getReferenceQueue (5 bytes)
Event: 12.788 Thread 0x000002157e2e64d0 3890       1       org.codehaus.groovy.util.ReferenceBundle::getType (5 bytes)
Event: 12.788 Thread 0x000002157e2e7940 3891       1       org.codehaus.groovy.util.ReferenceBundle::getManager (5 bytes)
Event: 12.788 Thread 0x000002157e2e8010 nmethod 3889 0x0000021571067190 code [0x0000021571067320, 0x00000215710673e8]
Event: 12.788 Thread 0x000002157e2e64d0 nmethod 3890 0x0000021571067490 code [0x0000021571067620, 0x00000215710676e8]
Event: 12.788 Thread 0x000002157e2e7940 nmethod 3891 0x0000021571067790 code [0x0000021571067920, 0x00000215710679e8]

GC Heap History (10 events):
Event: 0.562 GC heap before
{Heap before GC invocations=0 (full 0):
 garbage-first heap   total 249856K, used 23552K [0x0000000080000000, 0x0000000100000000)
  region size 1024K, 23 young (23552K), 0 survivors (0K)
 Metaspace       used 1072K, committed 1216K, reserved 1114112K
  class space    used 81K, committed 128K, reserved 1048576K
}
Event: 0.564 GC heap after
{Heap after GC invocations=1 (full 0):
 garbage-first heap   total 249856K, used 2131K [0x0000000080000000, 0x0000000100000000)
  region size 1024K, 3 young (3072K), 3 survivors (3072K)
 Metaspace       used 1072K, committed 1216K, reserved 1114112K
  class space    used 81K, committed 128K, reserved 1048576K
}
Event: 1.354 GC heap before
{Heap before GC invocations=1 (full 0):
 garbage-first heap   total 249856K, used 42067K [0x0000000080000000, 0x0000000100000000)
  region size 1024K, 40 young (40960K), 3 survivors (3072K)
 Metaspace       used 4448K, committed 4608K, reserved 1114112K
  class space    used 558K, committed 640K, reserved 1048576K
}
Event: 1.360 GC heap after
{Heap after GC invocations=2 (full 0):
 garbage-first heap   total 249856K, used 10816K [0x0000000080000000, 0x0000000100000000)
  region size 1024K, 5 young (5120K), 5 survivors (5120K)
 Metaspace       used 4448K, committed 4608K, reserved 1114112K
  class space    used 558K, committed 640K, reserved 1048576K
}
Event: 3.310 GC heap before
{Heap before GC invocations=2 (full 0):
 garbage-first heap   total 249856K, used 63040K [0x0000000080000000, 0x0000000100000000)
  region size 1024K, 55 young (56320K), 5 survivors (5120K)
 Metaspace       used 6889K, committed 7168K, reserved 1114112K
  class space    used 929K, committed 1024K, reserved 1048576K
}
Event: 3.318 GC heap after
{Heap after GC invocations=3 (full 0):
 garbage-first heap   total 249856K, used 17968K [0x0000000080000000, 0x0000000100000000)
  region size 1024K, 6 young (6144K), 6 survivors (6144K)
 Metaspace       used 6889K, committed 7168K, reserved 1114112K
  class space    used 929K, committed 1024K, reserved 1048576K
}
Event: 9.779 GC heap before
{Heap before GC invocations=3 (full 0):
 garbage-first heap   total 249856K, used 100912K [0x0000000080000000, 0x0000000100000000)
  region size 1024K, 88 young (90112K), 6 survivors (6144K)
 Metaspace       used 20880K, committed 21504K, reserved 1114112K
  class space    used 3082K, committed 3392K, reserved 1048576K
}
Event: 9.804 GC heap after
{Heap after GC invocations=4 (full 0):
 garbage-first heap   total 249856K, used 23798K [0x0000000080000000, 0x0000000100000000)
  region size 1024K, 12 young (12288K), 12 survivors (12288K)
 Metaspace       used 20880K, committed 21504K, reserved 1114112K
  class space    used 3082K, committed 3392K, reserved 1048576K
}
Event: 12.718 GC heap before
{Heap before GC invocations=5 (full 0):
 garbage-first heap   total 81920K, used 81142K [0x0000000080000000, 0x0000000100000000)
  region size 1024K, 68 young (69632K), 12 survivors (12288K)
 Metaspace       used 28713K, committed 29696K, reserved 1114112K
  class space    used 4357K, committed 4800K, reserved 1048576K
}
Event: 12.727 GC heap after
{Heap after GC invocations=6 (full 0):
 garbage-first heap   total 98304K, used 27917K [0x0000000080000000, 0x0000000100000000)
  region size 1024K, 10 young (10240K), 10 survivors (10240K)
 Metaspace       used 28713K, committed 29696K, reserved 1114112K
  class space    used 4357K, committed 4800K, reserved 1048576K
}

Dll operation events (14 events):
Event: 0.014 Loaded shared library C:\Users\user\.vscode\extensions\redhat.java-1.53.0-win32-x64\jre\21.0.10-win32-x86_64\bin\java.dll
Event: 0.095 Loaded shared library C:\Users\user\.vscode\extensions\redhat.java-1.53.0-win32-x64\jre\21.0.10-win32-x86_64\bin\zip.dll
Event: 0.129 Loaded shared library C:\Users\user\.vscode\extensions\redhat.java-1.53.0-win32-x64\jre\21.0.10-win32-x86_64\bin\instrument.dll
Event: 0.136 Loaded shared library C:\Users\user\.vscode\extensions\redhat.java-1.53.0-win32-x64\jre\21.0.10-win32-x86_64\bin\net.dll
Event: 0.139 Loaded shared library C:\Users\user\.vscode\extensions\redhat.java-1.53.0-win32-x64\jre\21.0.10-win32-x86_64\bin\nio.dll
Event: 0.144 Loaded shared library C:\Users\user\.vscode\extensions\redhat.java-1.53.0-win32-x64\jre\21.0.10-win32-x86_64\bin\zip.dll
Event: 0.511 Loaded shared library C:\Users\user\.vscode\extensions\redhat.java-1.53.0-win32-x64\jre\21.0.10-win32-x86_64\bin\jimage.dll
Event: 0.701 Loaded shared library C:\Users\user\.vscode\extensions\redhat.java-1.53.0-win32-x64\jre\21.0.10-win32-x86_64\bin\verify.dll
Event: 0.812 Loaded shared library C:\Users\user\.gradle\native\1def1411415f61bf3af743bc5b6707747c0891f09f0c88961ee8f79bc544acac\windows-amd64\native-platform.dll
Event: 0.828 Loaded shared library C:\Users\user\.gradle\native\0.2.7\x86_64-windows-gnu\gradle-fileevents.dll
Event: 3.225 Loaded shared library C:\Users\user\.vscode\extensions\redhat.java-1.53.0-win32-x64\jre\21.0.10-win32-x86_64\bin\management.dll
Event: 3.230 Loaded shared library C:\Users\user\.vscode\extensions\redhat.java-1.53.0-win32-x64\jre\21.0.10-win32-x86_64\bin\management_ext.dll
Event: 3.425 Loaded shared library C:\Users\user\.vscode\extensions\redhat.java-1.53.0-win32-x64\jre\21.0.10-win32-x86_64\bin\extnet.dll
Event: 3.878 Loaded shared library C:\Users\user\.vscode\extensions\redhat.java-1.53.0-win32-x64\jre\21.0.10-win32-x86_64\bin\sunmscapi.dll

Deoptimization events (20 events):
Event: 12.700 Thread 0x000002154524fb60 Uncommon trap: trap_request=0xffffffc6 fr.pc=0x0000021571055cc4 relative=0x00000000000004e4
Event: 12.700 Thread 0x000002154524fb60 Uncommon trap: reason=bimorphic_or_optimized_type_check action=maybe_recompile pc=0x0000021571055cc4 method=java.io.BufferedInputStream.implRead([BII)I @ 100 c2
Event: 12.700 Thread 0x000002154524fb60 DEOPT PACKING pc=0x0000021571055cc4 sp=0x0000003c195f8330
Event: 12.700 Thread 0x000002154524fb60 DEOPT UNPACKING pc=0x0000021570744422 sp=0x0000003c195f82f8 mode 2
Event: 12.790 Thread 0x000002154524fb60 Uncommon trap: trap_request=0xffffff45 fr.pc=0x0000021570f7035c relative=0x000000000000063c
Event: 12.790 Thread 0x000002154524fb60 Uncommon trap: reason=unstable_if action=reinterpret pc=0x0000021570f7035c method=jdk.internal.org.objectweb.asm.MethodWriter.visitVarInsn(II)V @ 108 c2
Event: 12.790 Thread 0x000002154524fb60 DEOPT PACKING pc=0x0000021570f7035c sp=0x0000003c195f0290
Event: 12.791 Thread 0x000002154524fb60 DEOPT UNPACKING pc=0x0000021570744422 sp=0x0000003c195f0258 mode 2
Event: 12.791 Thread 0x000002154524fb60 Uncommon trap: trap_request=0xffffff45 fr.pc=0x0000021571061a6c relative=0x00000000000015ac
Event: 12.791 Thread 0x000002154524fb60 Uncommon trap: reason=unstable_if action=reinterpret pc=0x0000021571061a6c method=jdk.internal.org.objectweb.asm.MethodWriter.visitMethodInsn(ILjava/lang/String;Ljava/lang/String;Ljava/lang/String;Z)V @ 81 c2
Event: 12.791 Thread 0x000002154524fb60 DEOPT PACKING pc=0x0000021571061a6c sp=0x0000003c195f0260
Event: 12.791 Thread 0x000002154524fb60 DEOPT UNPACKING pc=0x0000021570744422 sp=0x0000003c195f0220 mode 2
Event: 12.791 Thread 0x000002154524fb60 Uncommon trap: trap_request=0xffffff45 fr.pc=0x0000021571026204 relative=0x0000000000000964
Event: 12.791 Thread 0x000002154524fb60 Uncommon trap: reason=unstable_if action=reinterpret pc=0x0000021571026204 method=jdk.internal.org.objectweb.asm.MethodWriter.visitInsn(I)V @ 24 c2
Event: 12.791 Thread 0x000002154524fb60 DEOPT PACKING pc=0x0000021571026204 sp=0x0000003c195f0270
Event: 12.791 Thread 0x000002154524fb60 DEOPT UNPACKING pc=0x0000021570744422 sp=0x0000003c195f0258 mode 2
Event: 12.795 Thread 0x000002154524fb60 Uncommon trap: trap_request=0xffffff45 fr.pc=0x0000021570fcbc7c relative=0x0000000000000c7c
Event: 12.795 Thread 0x000002154524fb60 Uncommon trap: reason=unstable_if action=reinterpret pc=0x0000021570fcbc7c method=java.lang.invoke.LambdaForm.useCount(Ljava/lang/invoke/LambdaForm$Name;)I @ 8 c2
Event: 12.795 Thread 0x000002154524fb60 DEOPT PACKING pc=0x0000021570fcbc7c sp=0x0000003c195f5b10
Event: 12.795 Thread 0x000002154524fb60 DEOPT UNPACKING pc=0x0000021570744422 sp=0x0000003c195f59e0 mode 2

Classes loaded (20 events):
Event: 11.490 Loading class java/lang/IllegalAccessError
Event: 11.490 Loading class java/lang/IllegalAccessError done
Event: 11.497 Loading class java/lang/Process
Event: 11.498 Loading class java/lang/Process done
Event: 11.498 Loading class java/lang/ProcessBuilder
Event: 11.498 Loading class java/lang/ProcessBuilder done
Event: 12.617 Loading class java/lang/InstantiationException
Event: 12.617 Loading class java/lang/InstantiationException done
Event: 12.622 Loading class java/util/EventListener
Event: 12.623 Loading class java/util/EventListener done
Event: 12.654 Loading class java/util/BitSet
Event: 12.656 Loading class java/util/BitSet done
Event: 12.672 Loading class java/util/TimerTask
Event: 12.677 Loading class java/util/TimerTask done
Event: 12.677 Loading class java/util/Timer
Event: 12.678 Loading class java/util/Timer done
Event: 12.763 Loading class java/security/AccessControlException
Event: 12.764 Loading class java/security/AccessControlException done
Event: 12.800 Loading class java/util/LinkedList$ListItr
Event: 12.801 Loading class java/util/LinkedList$ListItr done

Classes unloaded (0 events):
No events

Classes redefined (0 events):
No events

Internal exceptions (20 events):
Event: 10.619 Thread 0x000002154524fb60 Exception <a 'java/lang/NoSuchMethodError'{0x0000000082927d58}: 'java.lang.Object java.lang.invoke.Invokers$Holder.linkToTargetMethod(java.lang.Object, java.lang.Object, int, java.lang.Object)'> (0x0000000082927d58) 
thrown [s\src\hotspot\share\interpreter\linkResolver.cpp, line 773]
Event: 10.623 Thread 0x000002154524fb60 Exception <a 'java/lang/NoSuchMethodError'{0x00000000829505f0}: 'java.lang.Object java.lang.invoke.DirectMethodHandle$Holder.invokeStatic(java.lang.Object, java.lang.Object, int, java.lang.Object)'> (0x00000000829505f0) 
thrown [s\src\hotspot\share\interpreter\linkResolver.cpp, line 773]
Event: 10.672 Thread 0x000002154524fb60 Exception <a 'java/lang/NoSuchMethodError'{0x0000000082750d80}: 'void java.lang.invoke.DirectMethodHandle$Holder.invokeStaticInit(java.lang.Object, java.lang.Object, java.lang.Object, java.lang.Object)'> (0x0000000082750d80) 
thrown [s\src\hotspot\share\interpreter\linkResolver.cpp, line 773]
Event: 10.852 Thread 0x000002154524fb60 Exception <a 'java/lang/NoSuchMethodError'{0x00000000821132c0}: 'void java.lang.invoke.DirectMethodHandle$Holder.invokeInterface(java.lang.Object, java.lang.Object, java.lang.Object, java.lang.Object, java.lang.Object)'> (0x00000000821132c0) 
thrown [s\src\hotspot\share\interpreter\linkResolver.cpp, line 773]
Event: 10.859 Thread 0x000002154524fb60 Exception <a 'java/lang/NoSuchMethodError'{0x0000000082151a40}: 'void java.lang.invoke.DirectMethodHandle$Holder.invokeStatic(java.lang.Object, java.lang.Object, java.lang.Object, java.lang.Object, java.lang.Object, java.lang.Object)'> (0x0000000082151a40) 
thrown [s\src\hotspot\share\interpreter\linkResolver.cpp, line 773]
Event: 11.130 Thread 0x000002154524fb60 Exception <a 'java/lang/IncompatibleClassChangeError'{0x00000000819159b0}: Found class java.lang.Object, but interface was expected> (0x00000000819159b0) 
thrown [s\src\hotspot\share\interpreter\linkResolver.cpp, line 840]
Event: 11.154 Thread 0x000002154524fb60 Exception <a 'java/lang/NoSuchMethodError'{0x00000000819d2f60}: 'java.lang.Object java.lang.invoke.DirectMethodHandle$Holder.newInvokeSpecial(java.lang.Object, java.lang.Object, long)'> (0x00000000819d2f60) 
thrown [s\src\hotspot\share\interpreter\linkResolver.cpp, line 773]
Event: 11.154 Thread 0x000002154524fb60 Exception <a 'java/lang/NoSuchMethodError'{0x00000000819d75b8}: 'java.lang.Object java.lang.invoke.Invokers$Holder.linkToTargetMethod(java.lang.Object, long, java.lang.Object)'> (0x00000000819d75b8) 
thrown [s\src\hotspot\share\interpreter\linkResolver.cpp, line 773]
Event: 11.230 Thread 0x000002154524fb60 Exception <a 'java/lang/NoSuchMethodError'{0x0000000081665c00}: 'int java.lang.invoke.DirectMethodHandle$Holder.invokeInterface(java.lang.Object, java.lang.Object)'> (0x0000000081665c00) 
thrown [s\src\hotspot\share\interpreter\linkResolver.cpp, line 773]
Event: 11.246 Thread 0x000002154524fb60 Exception <a 'java/lang/NoSuchMethodError'{0x00000000816ef0d8}: 'java.lang.Object java.lang.invoke.DirectMethodHandle$Holder.invokeVirtual(java.lang.Object, java.lang.Object, int)'> (0x00000000816ef0d8) 
thrown [s\src\hotspot\share\interpreter\linkResolver.cpp, line 773]
Event: 11.299 Thread 0x000002154524fb60 Exception <a 'java/lang/NoSuchMethodError'{0x00000000815a5f68}: 'java.lang.Object java.lang.invoke.DirectMethodHandle$Holder.newInvokeSpecial(java.lang.Object, java.lang.Object, int, java.lang.Object)'> (0x00000000815a5f68) 
thrown [s\src\hotspot\share\interpreter\linkResolver.cpp, line 773]
Event: 11.300 Thread 0x000002154524fb60 Exception <a 'java/lang/NoSuchMethodError'{0x00000000815aa5f8}: 'java.lang.Object java.lang.invoke.DirectMethodHandle$Holder.invokeSpecial(java.lang.Object, java.lang.Object, java.lang.Object, int, java.lang.Object)'> (0x00000000815aa5f8) 
thrown [s\src\hotspot\share\interpreter\linkResolver.cpp, line 773]
Event: 11.427 Thread 0x000002154524fb60 Exception <a 'java/lang/NoSuchMethodError'{0x000000008126ccf8}: 'void java.lang.invoke.DirectMethodHandle$Holder.invokeInterface(java.lang.Object, java.lang.Object, java.lang.Object, java.lang.Object, java.lang.Object, java.lang.Object, java.lang.Object)'> (0x000000008126ccf8) 
thrown [s\src\hotspot\share\interpreter\linkResolver.cpp, line 773]
Event: 11.427 Thread 0x000002154524fb60 Exception <a 'java/lang/NoSuchMethodError'{0x0000000081271680}: 'void java.lang.invoke.DelegatingMethodHandle$Holder.reinvoke_L(java.lang.Object, java.lang.Object, java.lang.Object, java.lang.Object, java.lang.Object, java.lang.Object, java.lang.Object)'> (0x0000000081271680) 
thrown [s\src\hotspot\share\interpreter\linkResolver.cpp, line 773]
Event: 11.497 Thread 0x000002154524fb60 Exception <a 'java/lang/NoSuchMethodError'{0x00000000810800e0}: 'java.lang.Object java.lang.invoke.DirectMethodHandle$Holder.invokeStaticInit(java.lang.Object, java.lang.Object, java.lang.Object, java.lang.Object, java.lang.Object, java.lang.Object, java.lang.Object)'> (0x00000000810800e0) 
thrown [s\src\hotspot\share\interpreter\linkResolver.cpp, line 773]
Event: 11.503 Thread 0x000002154524fb60 Exception <a 'java/lang/NoSuchMethodError'{0x00000000810a5d88}: 'java.lang.Object java.lang.invoke.DirectMethodHandle$Holder.invokeSpecial(java.lang.Object, java.lang.Object, java.lang.Object, int, java.lang.Object, java.lang.Object)'> (0x00000000810a5d88) 
thrown [s\src\hotspot\share\interpreter\linkResolver.cpp, line 773]
Event: 12.790 Thread 0x000002154524fb60 Implicit null exception at 0x0000021570f6fe34 to 0x0000021570f70350
Event: 12.791 Thread 0x000002154524fb60 Implicit null exception at 0x00000215710605c3 to 0x0000021571061a5c
Event: 12.791 Thread 0x000002154524fb60 Implicit null exception at 0x0000021571025930 to 0x00000215710261f4
Event: 12.792 Thread 0x000002154524fb60 Exception <a 'java/lang/NoSuchMethodError'{0x000000008f2243a8}: 'java.lang.reflect.Method[] java.lang.Class.getDeclaredMethods(java.lang.Class)'> (0x000000008f2243a8) 
thrown [s\src\hotspot\share\interpreter\linkResolver.cpp, line 773]

ZGC Phase Switch (0 events):
No events

VM Operations (20 events):
Event: 10.821 Executing non-safepoint VM operation: HandshakeAllThreads (Deoptimize)
Event: 10.821 Executing non-safepoint VM operation: HandshakeAllThreads (Deoptimize) done
Event: 11.134 Executing non-safepoint VM operation: HandshakeAllThreads (Deoptimize)
Event: 11.134 Executing non-safepoint VM operation: HandshakeAllThreads (Deoptimize) done
Event: 11.134 Executing safepoint VM operation: Cleanup
Event: 11.135 Executing safepoint VM operation: Cleanup done
Event: 11.177 Executing non-safepoint VM operation: HandshakeAllThreads (Deoptimize)
Event: 11.177 Executing non-safepoint VM operation: HandshakeAllThreads (Deoptimize) done
Event: 11.434 Executing non-safepoint VM operation: HandshakeAllThreads (Deoptimize)
Event: 11.434 Executing non-safepoint VM operation: HandshakeAllThreads (Deoptimize) done
Event: 11.435 Executing non-safepoint VM operation: HandshakeAllThreads (Deoptimize)
Event: 11.436 Executing non-safepoint VM operation: HandshakeAllThreads (Deoptimize) done
Event: 12.439 Executing safepoint VM operation: Cleanup
Event: 12.610 Executing safepoint VM operation: Cleanup done
Event: 12.718 Executing safepoint VM operation: G1CollectForAllocation (G1 Evacuation Pause)
Event: 12.727 Executing safepoint VM operation: G1CollectForAllocation (G1 Evacuation Pause) done
Event: 12.766 Executing non-safepoint VM operation: HandshakeAllThreads (Deoptimize)
Event: 12.766 Executing non-safepoint VM operation: HandshakeAllThreads (Deoptimize) done
Event: 13.771 Executing safepoint VM operation: Cleanup
Event: 13.771 Executing safepoint VM operation: Cleanup done

Memory protections (0 events):
No events

Nmethod flushes (0 events):
No events

Events (20 events):
Event: 3.928 Thread 0x00000215451f2900 Thread added: 0x0000021545279f40
Event: 3.932 Thread 0x0000021545279f40 Thread added: 0x000002154527a5b0
Event: 3.992 Thread 0x0000021545279f40 Thread added: 0x0000021545252950
Event: 4.003 Thread 0x0000021545279f40 Thread added: 0x000002154524fb60
Event: 4.020 Thread 0x000002154524fb60 Thread added: 0x000002154524f4d0
Event: 4.025 Thread 0x000002154524fb60 Thread added: 0x00000215452501f0
Event: 4.028 Thread 0x000002154524fb60 Thread added: 0x0000021545250880
Event: 4.596 Thread 0x000002154524fb60 Thread added: 0x00000215452522c0
Event: 4.618 Thread 0x000002154524fb60 Thread added: 0x0000021545250f10
Event: 4.658 Thread 0x000002154524fb60 Thread added: 0x00000215452515a0
Event: 7.457 Thread 0x000002157e2e7270 Thread exited: 0x000002157e2e7270
Event: 8.787 Thread 0x000002157e2e8010 Thread added: 0x000002157e2e8db0
Event: 9.487 Thread 0x000002157e2e8010 Thread added: 0x000002157e2e7270
Event: 10.061 Thread 0x000002157e2e64d0 Thread added: 0x000002157e2e7940
Event: 10.142 Thread 0x000002154524fb60 Thread added: 0x000002154690dfc0
Event: 10.186 Thread 0x000002154524fb60 Thread added: 0x000002154690fa00
Event: 10.579 Thread 0x000002154524fb60 Thread added: 0x000002154690cc10
Event: 10.588 Thread 0x000002154524fb60 Thread added: 0x000002154690e650
Event: 11.302 Thread 0x000002154524fb60 Thread added: 0x000002154690d930
Event: 11.402 Thread 0x000002154524fb60 Thread added: 0x0000021546912160


Dynamic libraries:
0x00007ff65afb0000 - 0x00007ff65afbe000 	C:\Users\user\.vscode\extensions\redhat.java-1.53.0-win32-x64\jre\21.0.10-win32-x86_64\bin\java.exe
0x00007ff8f9400000 - 0x00007ff8f9668000 	C:\WINDOWS\SYSTEM32\ntdll.dll
0x00007ff8f80c0000 - 0x00007ff8f8189000 	C:\WINDOWS\System32\KERNEL32.DLL
0x00007ff8f5ec0000 - 0x00007ff8f62b1000 	C:\WINDOWS\System32\KERNELBASE.dll
0x00007ff8f7050000 - 0x00007ff8f719b000 	C:\WINDOWS\System32\ucrtbase.dll
0x00007ff8d7150000 - 0x00007ff8d716e000 	C:\Users\user\.vscode\extensions\redhat.java-1.53.0-win32-x64\jre\21.0.10-win32-x86_64\bin\VCRUNTIME140.dll
0x00007ff8d7180000 - 0x00007ff8d7198000 	C:\Users\user\.vscode\extensions\redhat.java-1.53.0-win32-x64\jre\21.0.10-win32-x86_64\bin\jli.dll
0x00007ff8f7230000 - 0x00007ff8f73f6000 	C:\WINDOWS\System32\USER32.dll
0x00007ff8decc0000 - 0x00007ff8def53000 	C:\WINDOWS\WinSxS\amd64_microsoft.windows.common-controls_6595b64144ccf1df_6.0.26100.7824_none_3e0870b2e3345462\COMCTL32.dll
0x00007ff8f6eb0000 - 0x00007ff8f6ed7000 	C:\WINDOWS\System32\win32u.dll
0x00007ff8f9310000 - 0x00007ff8f93b9000 	C:\WINDOWS\System32\msvcrt.dll
0x00007ff8f7480000 - 0x00007ff8f74ab000 	C:\WINDOWS\System32\GDI32.dll
0x00007ff8f5d90000 - 0x00007ff8f5ebb000 	C:\WINDOWS\System32\gdi32full.dll
0x00007ff8f5ce0000 - 0x00007ff8f5d83000 	C:\WINDOWS\System32\msvcp_win.dll
0x00007ff8f8080000 - 0x00007ff8f80b1000 	C:\WINDOWS\System32\IMM32.DLL
0x00007ff8dd800000 - 0x00007ff8dd80c000 	C:\Users\user\.vscode\extensions\redhat.java-1.53.0-win32-x64\jre\21.0.10-win32-x86_64\bin\vcruntime140_1.dll
0x00007ff8b07a0000 - 0x00007ff8b082d000 	C:\Users\user\.vscode\extensions\redhat.java-1.53.0-win32-x64\jre\21.0.10-win32-x86_64\bin\msvcp140.dll
0x00007ff846180000 - 0x00007ff846f21000 	C:\Users\user\.vscode\extensions\redhat.java-1.53.0-win32-x64\jre\21.0.10-win32-x86_64\bin\server\jvm.dll
0x00007ff8f7fc0000 - 0x00007ff8f8074000 	C:\WINDOWS\System32\ADVAPI32.dll
0x00007ff8f79e0000 - 0x00007ff8f7a86000 	C:\WINDOWS\System32\sechost.dll
0x00007ff8f7e90000 - 0x00007ff8f7fa8000 	C:\WINDOWS\System32\RPCRT4.dll
0x00007ff8f84f0000 - 0x00007ff8f8564000 	C:\WINDOWS\System32\WS2_32.dll
0x00007ff8f5b40000 - 0x00007ff8f5b9e000 	C:\WINDOWS\SYSTEM32\POWRPROF.dll
0x00007ff8eab40000 - 0x00007ff8eab75000 	C:\WINDOWS\SYSTEM32\WINMM.dll
0x00007ff8ef030000 - 0x00007ff8ef03b000 	C:\WINDOWS\SYSTEM32\VERSION.dll
0x00007ff8f5b20000 - 0x00007ff8f5b34000 	C:\WINDOWS\SYSTEM32\UMPDC.dll
0x00007ff8f4a80000 - 0x00007ff8f4a9b000 	C:\WINDOWS\SYSTEM32\kernel.appcore.dll
0x00007ff8dd5d0000 - 0x00007ff8dd5da000 	C:\Users\user\.vscode\extensions\redhat.java-1.53.0-win32-x64\jre\21.0.10-win32-x86_64\bin\jimage.dll
0x00007ff8eced0000 - 0x00007ff8ed112000 	C:\WINDOWS\SYSTEM32\DBGHELP.DLL
0x00007ff8f74d0000 - 0x00007ff8f7856000 	C:\WINDOWS\System32\combase.dll
0x00007ff8f7b50000 - 0x00007ff8f7c27000 	C:\WINDOWS\System32\OLEAUT32.dll
0x00007ff8de9c0000 - 0x00007ff8de9fb000 	C:\WINDOWS\SYSTEM32\dbgcore.DLL
0x00007ff8f6c80000 - 0x00007ff8f6d25000 	C:\WINDOWS\System32\bcryptPrimitives.dll
0x00007ff8dd870000 - 0x00007ff8dd87f000 	C:\Users\user\.vscode\extensions\redhat.java-1.53.0-win32-x64\jre\21.0.10-win32-x86_64\bin\instrument.dll
0x00007ff8d6fe0000 - 0x00007ff8d7000000 	C:\Users\user\.vscode\extensions\redhat.java-1.53.0-win32-x64\jre\21.0.10-win32-x86_64\bin\java.dll
0x00007ff8f8ba0000 - 0x00007ff8f92f2000 	C:\WINDOWS\System32\SHELL32.dll
0x00007ff8f6ee0000 - 0x00007ff8f704a000 	C:\WINDOWS\System32\wintypes.dll
0x00007ff8f6410000 - 0x00007ff8f6c73000 	C:\WINDOWS\System32\windows.storage.dll
0x00007ff8f83f0000 - 0x00007ff8f84e6000 	C:\WINDOWS\System32\SHCORE.dll
0x00007ff8f8320000 - 0x00007ff8f8387000 	C:\WINDOWS\System32\shlwapi.dll
0x00007ff8f5c00000 - 0x00007ff8f5c29000 	C:\WINDOWS\SYSTEM32\profapi.dll
0x00007ff8d6f60000 - 0x00007ff8d6f78000 	C:\Users\user\.vscode\extensions\redhat.java-1.53.0-win32-x64\jre\21.0.10-win32-x86_64\bin\zip.dll
0x00007ff8d9300000 - 0x00007ff8d9310000 	C:\Users\user\.vscode\extensions\redhat.java-1.53.0-win32-x64\jre\21.0.10-win32-x86_64\bin\net.dll
0x00007ff8ef870000 - 0x00007ff8ef997000 	C:\WINDOWS\SYSTEM32\WINHTTP.dll
0x00007ff8f4ff0000 - 0x00007ff8f505b000 	C:\WINDOWS\system32\mswsock.dll
0x00007ff8d52d0000 - 0x00007ff8d52e6000 	C:\Users\user\.vscode\extensions\redhat.java-1.53.0-win32-x64\jre\21.0.10-win32-x86_64\bin\nio.dll
0x00007ff8d8aa0000 - 0x00007ff8d8ab0000 	C:\Users\user\.vscode\extensions\redhat.java-1.53.0-win32-x64\jre\21.0.10-win32-x86_64\bin\verify.dll
0x00007ff8ddce0000 - 0x00007ff8ddd07000 	C:\Users\user\.gradle\native\1def1411415f61bf3af743bc5b6707747c0891f09f0c88961ee8f79bc544acac\windows-amd64\native-platform.dll
0x00007ff8d4ad0000 - 0x00007ff8d4b48000 	C:\Users\user\.gradle\native\0.2.7\x86_64-windows-gnu\gradle-fileevents.dll
0x00007ff8d88f0000 - 0x00007ff8d88fa000 	C:\Users\user\.vscode\extensions\redhat.java-1.53.0-win32-x64\jre\21.0.10-win32-x86_64\bin\management.dll
0x00007ff8d6cf0000 - 0x00007ff8d6cfc000 	C:\Users\user\.vscode\extensions\redhat.java-1.53.0-win32-x64\jre\21.0.10-win32-x86_64\bin\management_ext.dll
0x00007ff8f7fb0000 - 0x00007ff8f7fb8000 	C:\WINDOWS\System32\PSAPI.DLL
0x00007ff8f44f0000 - 0x00007ff8f4524000 	C:\WINDOWS\SYSTEM32\IPHLPAPI.DLL
0x00007ff8f8190000 - 0x00007ff8f819a000 	C:\WINDOWS\System32\NSI.dll
0x00007ff8d5b00000 - 0x00007ff8d5b09000 	C:\Users\user\.vscode\extensions\redhat.java-1.53.0-win32-x64\jre\21.0.10-win32-x86_64\bin\extnet.dll
0x00007ff8f52c0000 - 0x00007ff8f52db000 	C:\WINDOWS\SYSTEM32\CRYPTSP.dll
0x00007ff8f49e0000 - 0x00007ff8f4a19000 	C:\WINDOWS\system32\rsaenh.dll
0x00007ff8f50a0000 - 0x00007ff8f50cb000 	C:\WINDOWS\SYSTEM32\USERENV.dll
0x00007ff8f5bd0000 - 0x00007ff8f5bfa000 	C:\WINDOWS\SYSTEM32\bcrypt.dll
0x00007ff8f52e0000 - 0x00007ff8f52ec000 	C:\WINDOWS\SYSTEM32\CRYPTBASE.dll
0x00007ff8d6c50000 - 0x00007ff8d6c5e000 	C:\Users\user\.vscode\extensions\redhat.java-1.53.0-win32-x64\jre\21.0.10-win32-x86_64\bin\sunmscapi.dll
0x00007ff8f6d30000 - 0x00007ff8f6ea7000 	C:\WINDOWS\System32\CRYPT32.dll
0x00007ff8f54e0000 - 0x00007ff8f5510000 	C:\WINDOWS\SYSTEM32\ncrypt.dll
0x00007ff8f5490000 - 0x00007ff8f54cf000 	C:\WINDOWS\SYSTEM32\NTASN1.dll
0x00007ff8b4850000 - 0x00007ff8b4858000 	C:\WINDOWS\system32\wshunix.dll

JVMTI agents:
C:\Users\user\.gradle\wrapper\dists\gradle-8.13-bin\5xuhj0ry160q40clulazy9h7d\gradle-8.13\lib\agents\gradle-instrumentation-agent-8.13.jar path:C:\Users\user\.vscode\extensions\redhat.java-1.53.0-win32-x64\jre\21.0.10-win32-x86_64\bin\instrument.dll, loaded, initialized, instrumentlib options:none

dbghelp: loaded successfully - version: 4.0.5 - missing functions: none
symbol engine: initialized successfully - sym options: 0x614 - pdb path: .;C:\Users\user\.vscode\extensions\redhat.java-1.53.0-win32-x64\jre\21.0.10-win32-x86_64\bin;C:\WINDOWS\SYSTEM32;C:\WINDOWS\WinSxS\amd64_microsoft.windows.common-controls_6595b64144ccf1df_6.0.26100.7824_none_3e0870b2e3345462;C:\Users\user\.vscode\extensions\redhat.java-1.53.0-win32-x64\jre\21.0.10-win32-x86_64\bin\server;C:\Users\user\.gradle\native\1def1411415f61bf3af743bc5b6707747c0891f09f0c88961ee8f79bc544acac\windows-amd64;C:\Users\user\.gradle\native\0.2.7\x86_64-windows-gnu

VM Arguments:
jvm_args: --add-opens=java.base/java.lang=ALL-UNNAMED --add-opens=java.base/java.lang.invoke=ALL-UNNAMED --add-opens=java.base/java.util=ALL-UNNAMED --add-opens=java.prefs/java.util.prefs=ALL-UNNAMED --add-exports=jdk.compiler/com.sun.tools.javac.api=ALL-UNNAMED --add-exports=jdk.compiler/com.sun.tools.javac.util=ALL-UNNAMED --add-opens=java.base/java.util=ALL-UNNAMED --add-opens=java.prefs/java.util.prefs=ALL-UNNAMED --add-opens=java.base/java.nio.charset=ALL-UNNAMED --add-opens=java.base/java.net=ALL-UNNAMED --add-opens=java.base/java.util.concurrent.atomic=ALL-UNNAMED --add-opens=java.xml/javax.xml.namespace=ALL-UNNAMED -Xmx2048m -Dfile.encoding=UTF-8 -Duser.country=US -Duser.language=en -Duser.variant -javaagent:C:\Users\user\.gradle\wrapper\dists\gradle-8.13-bin\5xuhj0ry160q40clulazy9h7d\gradle-8.13\lib\agents\gradle-instrumentation-agent-8.13.jar 
java_command: org.gradle.launcher.daemon.bootstrap.GradleDaemon 8.13
java_class_path (initial): C:\Users\user\.gradle\wrapper\dists\gradle-8.13-bin\5xuhj0ry160q40clulazy9h7d\gradle-8.13\lib\gradle-daemon-main-8.13.jar
Launcher Type: SUN_STANDARD

[Global flags]
     intx CICompilerCount                          = 12                                        {product} {ergonomic}
     uint ConcGCThreads                            = 3                                         {product} {ergonomic}
     uint G1ConcRefinementThreads                  = 13                                        {product} {ergonomic}
   size_t G1HeapRegionSize                         = 1048576                                   {product} {ergonomic}
    uintx GCDrainStackTargetSize                   = 64                                        {product} {ergonomic}
   size_t InitialHeapSize                          = 255852544                                 {product} {ergonomic}
   size_t MarkStackSize                            = 4194304                                   {product} {ergonomic}
   size_t MaxHeapSize                              = 2147483648                                {product} {command line}
   size_t MaxNewSize                               = 1287651328                                {product} {ergonomic}
   size_t MinHeapDeltaBytes                        = 1048576                                   {product} {ergonomic}
   size_t MinHeapSize                              = 8388608                                   {product} {ergonomic}
    uintx NonNMethodCodeHeapSize                   = 7602480                                {pd product} {ergonomic}
    uintx NonProfiledCodeHeapSize                  = 122027880                              {pd product} {ergonomic}
    uintx ProfiledCodeHeapSize                     = 122027880                              {pd product} {ergonomic}
    uintx ReservedCodeCacheSize                    = 251658240                              {pd product} {ergonomic}
     bool SegmentedCodeCache                       = true                                      {product} {ergonomic}
   size_t SoftMaxHeapSize                          = 2147483648                             {manageable} {ergonomic}
     bool UseCompressedOops                        = true                           {product lp64_product} {ergonomic}
     bool UseG1GC                                  = true                                      {product} {ergonomic}
     bool UseLargePagesIndividualAllocation        = false                                  {pd product} {ergonomic}

Logging:
Log output configuration:
 #0: stdout all=warning uptime,level,tags foldmultilines=false
 #1: stderr all=off uptime,level,tags foldmultilines=false

Release file:
JAVA_VERSION="21.0.10" 
MODULES="java.base java.compiler java.datatransfer java.xml java.prefs java.desktop java.instrument java.logging java.management java.security.sasl java.naming java.rmi java.management.rmi java.net.http java.scripting java.security.jgss java.transaction.xa java.sql java.sql.rowset java.xml.crypto java.se java.smartcardio jdk.accessibility jdk.internal.jvmstat jdk.attach jdk.charsets jdk.internal.opt jdk.zipfs jdk.compiler jdk.crypto.ec jdk.crypto.cryptoki jdk.crypto.mscapi jdk.dynalink jdk.internal.ed jdk.editpad jdk.hotspot.agent jdk.httpserver jdk.internal.le jdk.internal.vm.ci jdk.internal.vm.compiler jdk.internal.vm.compiler.management jdk.jartool jdk.javadoc jdk.jcmd jdk.management jdk.management.agent jdk.jconsole jdk.jdeps jdk.jdwp.agent jdk.jdi jdk.jfr jdk.jshell jdk.jsobject jdk.jstatd jdk.localedata jdk.management.jfr jdk.naming.dns jdk.naming.rmi jdk.net jdk.nio.mapmode jdk.random jdk.sctp jdk.security.auth jdk.security.jgss jdk.unsupported jdk.unsupported.desktop jdk.xml.dom" 

Environment Variables:
PATH=C:\Program Files\Common Files\Oracle\Java\javapath;C:\WINDOWS\system32;C:\WINDOWS;C:\WINDOWS\System32\Wbem;C:\WINDOWS\System32\WindowsPowerShell\v1.0\;C:\WINDOWS\System32\OpenSSH\;C:\Program Files\nodejs\;C:\Program Files\Git\cmd;C:\Program Files\PostgreSQL\16\bin;C:\Program Files\MySQL\MySQL Server 8.0\bin;C:\Users\user\AppData\Local\Programs\Python\Launcher\;C:\Program Files\MySQL\MySQL Shell 8.0\bin\;C:\Users\user\AppData\Local\Microsoft\WindowsApps;;C:\Users\user\AppData\Local\Programs\Microsoft VS Code\bin;C:\Users\user\AppData\Roaming\npm;C:\Users\user\AppData\Local\Programs\cursor\resources\app\bin
USERNAME=user
OS=Windows_NT
PROCESSOR_IDENTIFIER=AMD64 Family 25 Model 68 Stepping 1, AuthenticAMD
TMP=C:\Users\user\AppData\Local\Temp
TEMP=C:\Users\user\AppData\Local\Temp




Periodic native trim disabled

---------------  S Y S T E M  ---------------

OS:
 Windows 11 , 64 bit Build 26100 (10.0.26100.7705)
OS uptime: 6 days 23:39 hours

CPU: total 16 (initial active 16) (16 cores per cpu, 2 threads per core) family 25 model 68 stepping 1 microcode 0xa404101, cx8, cmov, fxsr, ht, mmx, 3dnowpref, sse, sse2, sse3, ssse3, sse4a, sse4.1, sse4.2, popcnt, lzcnt, tsc, tscinvbit, avx, avx2, aes, clmul, bmi1, bmi2, adx, sha, fma, vzeroupper, clflush, clflushopt, rdtscp, rdpid, f16c, pku, cet_ss
Processor Information for processor 0
  Max Mhz: 3201, Current Mhz: 2508, Mhz Limit: 3201
Processor Information for processor 1
  Max Mhz: 3201, Current Mhz: 2508, Mhz Limit: 3201
Processor Information for processor 2
  Max Mhz: 3201, Current Mhz: 2508, Mhz Limit: 3201
Processor Information for processor 3
  Max Mhz: 3201, Current Mhz: 2508, Mhz Limit: 3201
Processor Information for processor 4
  Max Mhz: 3201, Current Mhz: 2508, Mhz Limit: 3201
Processor Information for processor 5
  Max Mhz: 3201, Current Mhz: 2508, Mhz Limit: 3201
Processor Information for processor 6
  Max Mhz: 3201, Current Mhz: 2508, Mhz Limit: 3201
Processor Information for processor 7
  Max Mhz: 3201, Current Mhz: 2508, Mhz Limit: 3201
Processor Information for processor 8
  Max Mhz: 3201, Current Mhz: 2508, Mhz Limit: 3201
Processor Information for processor 9
  Max Mhz: 3201, Current Mhz: 2508, Mhz Limit: 3201
Processor Information for processor 10
  Max Mhz: 3201, Current Mhz: 1989, Mhz Limit: 3201
Processor Information for processor 11
  Max Mhz: 3201, Current Mhz: 2508, Mhz Limit: 3201
Processor Information for processor 12
  Max Mhz: 3201, Current Mhz: 1989, Mhz Limit: 3201
Processor Information for processor 13
  Max Mhz: 3201, Current Mhz: 2508, Mhz Limit: 3201
Processor Information for processor 14
  Max Mhz: 3201, Current Mhz: 2508, Mhz Limit: 3201
Processor Information for processor 15
  Max Mhz: 3201, Current Mhz: 1989, Mhz Limit: 3201

Memory: 4k page, system-wide physical 15613M (324M free)
TotalPageFile size 41175M (AvailPageFile size 140M)
current process WorkingSet (physical memory assigned to process): 274M, peak: 278M
current process commit charge ("private bytes"): 331M, peak: 464M

vm_info: OpenJDK 64-Bit Server VM (21.0.10+7-LTS) for windows-amd64 JRE (21.0.10+7-LTS), built on 2026-01-20T00:00:00Z by "admin" with MS VC++ 17.12 (VS2022)

END.
